{"total": {"lines":{"total":1970,"covered":1066,"skipped":0,"pct":54.11},"statements":{"total":2113,"covered":1148,"skipped":0,"pct":54.33},"functions":{"total":563,"covered":312,"skipped":0,"pct":55.41},"branches":{"total":1333,"covered":499,"skipped":0,"pct":37.43},"branchesTrue":{"total":0,"covered":0,"skipped":0,"pct":100}}
,"C:\\Users\\Daniël\\OptiPlatform-1\\server\\src\\app.resolver.ts": {"lines":{"total":1,"covered":0,"skipped":0,"pct":0},"functions":{"total":1,"covered":0,"skipped":0,"pct":0},"statements":{"total":1,"covered":0,"skipped":0,"pct":0},"branches":{"total":0,"covered":0,"skipped":0,"pct":100}}
,"C:\\Users\\Daniël\\OptiPlatform-1\\server\\src\\analytics\\advanced-analytics.resolver.ts": {"lines":{"total":5,"covered":0,"skipped":0,"pct":0},"functions":{"total":3,"covered":0,"skipped":0,"pct":0},"statements":{"total":5,"covered":0,"skipped":0,"pct":0},"branches":{"total":0,"covered":0,"skipped":0,"pct":100}}
,"C:\\Users\\Daniël\\OptiPlatform-1\\server\\src\\analytics\\advanced-analytics.service.ts": {"lines":{"total":194,"covered":179,"skipped":0,"pct":92.26},"functions":{"total":58,"covered":58,"skipped":0,"pct":100},"statements":{"total":237,"covered":209,"skipped":0,"pct":88.18},"branches":{"total":83,"covered":48,"skipped":0,"pct":57.83}}
,"C:\\Users\\Daniël\\OptiPlatform-1\\server\\src\\analytics\\anomaly-detection.resolver.ts": {"lines":{"total":13,"covered":0,"skipped":0,"pct":0},"functions":{"total":4,"covered":0,"skipped":0,"pct":0},"statements":{"total":13,"covered":0,"skipped":0,"pct":0},"branches":{"total":12,"covered":0,"skipped":0,"pct":0}}
,"C:\\Users\\Daniël\\OptiPlatform-1\\server\\src\\analytics\\anomaly-detection.service.ts": {"lines":{"total":67,"covered":61,"skipped":0,"pct":91.04},"functions":{"total":19,"covered":19,"skipped":0,"pct":100},"statements":{"total":83,"covered":76,"skipped":0,"pct":91.56},"branches":{"total":38,"covered":30,"skipped":0,"pct":78.94}}
,"C:\\Users\\Daniël\\OptiPlatform-1\\server\\src\\auth\\auth.controller.ts": {"lines":{"total":5,"covered":5,"skipped":0,"pct":100},"functions":{"total":5,"covered":5,"skipped":0,"pct":100},"statements":{"total":5,"covered":5,"skipped":0,"pct":100},"branches":{"total":0,"covered":0,"skipped":0,"pct":100}}
,"C:\\Users\\Daniël\\OptiPlatform-1\\server\\src\\auth\\auth.resolver.ts": {"lines":{"total":7,"covered":7,"skipped":0,"pct":100},"functions":{"total":3,"covered":3,"skipped":0,"pct":100},"statements":{"total":7,"covered":7,"skipped":0,"pct":100},"branches":{"total":2,"covered":2,"skipped":0,"pct":100}}
,"C:\\Users\\Daniël\\OptiPlatform-1\\server\\src\\auth\\auth.service.ts": {"lines":{"total":59,"covered":38,"skipped":0,"pct":64.4},"functions":{"total":7,"covered":4,"skipped":0,"pct":57.14},"statements":{"total":59,"covered":38,"skipped":0,"pct":64.4},"branches":{"total":49,"covered":31,"skipped":0,"pct":63.26}}
,"C:\\Users\\Daniël\\OptiPlatform-1\\server\\src\\auth\\github.strategy.ts": {"lines":{"total":3,"covered":0,"skipped":0,"pct":0},"functions":{"total":2,"covered":0,"skipped":0,"pct":0},"statements":{"total":3,"covered":0,"skipped":0,"pct":0},"branches":{"total":6,"covered":0,"skipped":0,"pct":0}}
,"C:\\Users\\Daniël\\OptiPlatform-1\\server\\src\\auth\\google.strategy.ts": {"lines":{"total":4,"covered":0,"skipped":0,"pct":0},"functions":{"total":2,"covered":0,"skipped":0,"pct":0},"statements":{"total":4,"covered":0,"skipped":0,"pct":0},"branches":{"total":20,"covered":0,"skipped":0,"pct":0}}
,"C:\\Users\\Daniël\\OptiPlatform-1\\server\\src\\auth\\jwt-auth.guard.ts": {"lines":{"total":7,"covered":1,"skipped":0,"pct":14.28},"functions":{"total":3,"covered":1,"skipped":0,"pct":33.33},"statements":{"total":7,"covered":1,"skipped":0,"pct":14.28},"branches":{"total":22,"covered":0,"skipped":0,"pct":0}}
,"C:\\Users\\Daniël\\OptiPlatform-1\\server\\src\\auth\\jwt.strategy.ts": {"lines":{"total":7,"covered":0,"skipped":0,"pct":0},"functions":{"total":2,"covered":0,"skipped":0,"pct":0},"statements":{"total":7,"covered":0,"skipped":0,"pct":0},"branches":{"total":8,"covered":0,"skipped":0,"pct":0}}
,"C:\\Users\\Daniël\\OptiPlatform-1\\server\\src\\common\\all-exceptions.filter.ts": {"lines":{"total":20,"covered":0,"skipped":0,"pct":0},"functions":{"total":2,"covered":0,"skipped":0,"pct":0},"statements":{"total":20,"covered":0,"skipped":0,"pct":0},"branches":{"total":18,"covered":0,"skipped":0,"pct":0}}
,"C:\\Users\\Daniël\\OptiPlatform-1\\server\\src\\common\\logger.service.ts": {"lines":{"total":82,"covered":27,"skipped":0,"pct":32.92},"functions":{"total":27,"covered":10,"skipped":0,"pct":37.03},"statements":{"total":87,"covered":27,"skipped":0,"pct":31.03},"branches":{"total":37,"covered":6,"skipped":0,"pct":16.21}}
,"C:\\Users\\Daniël\\OptiPlatform-1\\server\\src\\common\\logging.interceptor.ts": {"lines":{"total":10,"covered":0,"skipped":0,"pct":0},"functions":{"total":4,"covered":0,"skipped":0,"pct":0},"statements":{"total":10,"covered":0,"skipped":0,"pct":0},"branches":{"total":2,"covered":0,"skipped":0,"pct":0}}
,"C:\\Users\\Daniël\\OptiPlatform-1\\server\\src\\common\\logs.resolver.ts": {"lines":{"total":9,"covered":0,"skipped":0,"pct":0},"functions":{"total":5,"covered":0,"skipped":0,"pct":0},"statements":{"total":9,"covered":0,"skipped":0,"pct":0},"branches":{"total":12,"covered":0,"skipped":0,"pct":0}}
,"C:\\Users\\Daniël\\OptiPlatform-1\\server\\src\\errors\\api-error.ts": {"lines":{"total":62,"covered":0,"skipped":0,"pct":0},"functions":{"total":22,"covered":0,"skipped":0,"pct":0},"statements":{"total":62,"covered":0,"skipped":0,"pct":0},"branches":{"total":75,"covered":0,"skipped":0,"pct":0}}
,"C:\\Users\\Daniël\\OptiPlatform-1\\server\\src\\errors\\database-error-handler.ts": {"lines":{"total":49,"covered":14,"skipped":0,"pct":28.57},"functions":{"total":10,"covered":10,"skipped":0,"pct":100},"statements":{"total":50,"covered":15,"skipped":0,"pct":30},"branches":{"total":33,"covered":6,"skipped":0,"pct":18.18}}
,"C:\\Users\\Daniël\\OptiPlatform-1\\server\\src\\errors\\error-codes.ts": {"lines":{"total":2,"covered":2,"skipped":0,"pct":100},"functions":{"total":1,"covered":1,"skipped":0,"pct":100},"statements":{"total":2,"covered":2,"skipped":0,"pct":100},"branches":{"total":0,"covered":0,"skipped":0,"pct":100}}
,"C:\\Users\\Daniël\\OptiPlatform-1\\server\\src\\errors\\logging.service.ts": {"lines":{"total":85,"covered":0,"skipped":0,"pct":0},"functions":{"total":29,"covered":0,"skipped":0,"pct":0},"statements":{"total":96,"covered":0,"skipped":0,"pct":0},"branches":{"total":74,"covered":0,"skipped":0,"pct":0}}
,"C:\\Users\\Daniël\\OptiPlatform-1\\server\\src\\inventory\\category.resolver.ts": {"lines":{"total":8,"covered":8,"skipped":0,"pct":100},"functions":{"total":9,"covered":9,"skipped":0,"pct":100},"statements":{"total":9,"covered":9,"skipped":0,"pct":100},"branches":{"total":0,"covered":0,"skipped":0,"pct":100}}
,"C:\\Users\\Daniël\\OptiPlatform-1\\server\\src\\inventory\\inventory-transaction.resolver.ts": {"lines":{"total":18,"covered":0,"skipped":0,"pct":0},"functions":{"total":19,"covered":0,"skipped":0,"pct":0},"statements":{"total":19,"covered":0,"skipped":0,"pct":0},"branches":{"total":0,"covered":0,"skipped":0,"pct":100}}
,"C:\\Users\\Daniël\\OptiPlatform-1\\server\\src\\inventory\\inventory.service.ts": {"lines":{"total":209,"covered":139,"skipped":0,"pct":66.5},"functions":{"total":45,"covered":33,"skipped":0,"pct":73.33},"statements":{"total":213,"covered":141,"skipped":0,"pct":66.19},"branches":{"total":162,"covered":99,"skipped":0,"pct":61.11}}
,"C:\\Users\\Daniël\\OptiPlatform-1\\server\\src\\inventory\\price-history.resolver.ts": {"lines":{"total":8,"covered":0,"skipped":0,"pct":0},"functions":{"total":7,"covered":0,"skipped":0,"pct":0},"statements":{"total":8,"covered":0,"skipped":0,"pct":0},"branches":{"total":0,"covered":0,"skipped":0,"pct":100}}
,"C:\\Users\\Daniël\\OptiPlatform-1\\server\\src\\inventory\\price-history.service.ts": {"lines":{"total":17,"covered":17,"skipped":0,"pct":100},"functions":{"total":9,"covered":9,"skipped":0,"pct":100},"statements":{"total":19,"covered":19,"skipped":0,"pct":100},"branches":{"total":3,"covered":3,"skipped":0,"pct":100}}
,"C:\\Users\\Daniël\\OptiPlatform-1\\server\\src\\inventory\\product-note.resolver.ts": {"lines":{"total":5,"covered":0,"skipped":0,"pct":0},"functions":{"total":6,"covered":0,"skipped":0,"pct":0},"statements":{"total":6,"covered":0,"skipped":0,"pct":0},"branches":{"total":0,"covered":0,"skipped":0,"pct":100}}
,"C:\\Users\\Daniël\\OptiPlatform-1\\server\\src\\inventory\\product.resolver.ts": {"lines":{"total":13,"covered":13,"skipped":0,"pct":100},"functions":{"total":11,"covered":11,"skipped":0,"pct":100},"statements":{"total":14,"covered":14,"skipped":0,"pct":100},"branches":{"total":0,"covered":0,"skipped":0,"pct":100}}
,"C:\\Users\\Daniël\\OptiPlatform-1\\server\\src\\notifications\\notifications.resolver.ts": {"lines":{"total":4,"covered":0,"skipped":0,"pct":0},"functions":{"total":2,"covered":0,"skipped":0,"pct":0},"statements":{"total":4,"covered":0,"skipped":0,"pct":0},"branches":{"total":4,"covered":0,"skipped":0,"pct":0}}
,"C:\\Users\\Daniël\\OptiPlatform-1\\server\\src\\notifications\\notifications.service.ts": {"lines":{"total":30,"covered":10,"skipped":0,"pct":33.33},"functions":{"total":6,"covered":4,"skipped":0,"pct":66.66},"statements":{"total":35,"covered":13,"skipped":0,"pct":37.14},"branches":{"total":18,"covered":6,"skipped":0,"pct":33.33}}
,"C:\\Users\\Daniël\\OptiPlatform-1\\server\\src\\reports\\export.service.ts": {"lines":{"total":124,"covered":119,"skipped":0,"pct":95.96},"functions":{"total":22,"covered":22,"skipped":0,"pct":100},"statements":{"total":132,"covered":123,"skipped":0,"pct":93.18},"branches":{"total":98,"covered":81,"skipped":0,"pct":82.65}}
,"C:\\Users\\Daniël\\OptiPlatform-1\\server\\src\\reports\\reports.controller.ts": {"lines":{"total":38,"covered":0,"skipped":0,"pct":0},"functions":{"total":15,"covered":0,"skipped":0,"pct":0},"statements":{"total":38,"covered":0,"skipped":0,"pct":0},"branches":{"total":27,"covered":0,"skipped":0,"pct":0}}
,"C:\\Users\\Daniël\\OptiPlatform-1\\server\\src\\reports\\reports.resolver.ts": {"lines":{"total":31,"covered":0,"skipped":0,"pct":0},"functions":{"total":16,"covered":0,"skipped":0,"pct":0},"statements":{"total":31,"covered":0,"skipped":0,"pct":0},"branches":{"total":20,"covered":0,"skipped":0,"pct":0}}
,"C:\\Users\\Daniël\\OptiPlatform-1\\server\\src\\reports\\reports.service.ts": {"lines":{"total":125,"covered":106,"skipped":0,"pct":84.8},"functions":{"total":41,"covered":33,"skipped":0,"pct":80.48},"statements":{"total":148,"covered":120,"skipped":0,"pct":81.08},"branches":{"total":102,"covered":56,"skipped":0,"pct":54.9}}
,"C:\\Users\\Daniël\\OptiPlatform-1\\server\\src\\suppliers\\purchase-orders.resolver.ts": {"lines":{"total":22,"covered":0,"skipped":0,"pct":0},"functions":{"total":18,"covered":0,"skipped":0,"pct":0},"statements":{"total":22,"covered":0,"skipped":0,"pct":0},"branches":{"total":0,"covered":0,"skipped":0,"pct":100}}
,"C:\\Users\\Daniël\\OptiPlatform-1\\server\\src\\suppliers\\purchase-orders.service.ts": {"lines":{"total":193,"covered":169,"skipped":0,"pct":87.56},"functions":{"total":30,"covered":29,"skipped":0,"pct":96.66},"statements":{"total":202,"covered":174,"skipped":0,"pct":86.13},"branches":{"total":127,"covered":71,"skipped":0,"pct":55.9}}
,"C:\\Users\\Daniël\\OptiPlatform-1\\server\\src\\suppliers\\suppliers.resolver.ts": {"lines":{"total":15,"covered":12,"skipped":0,"pct":80},"functions":{"total":15,"covered":12,"skipped":0,"pct":80},"statements":{"total":15,"covered":12,"skipped":0,"pct":80},"branches":{"total":0,"covered":0,"skipped":0,"pct":100}}
,"C:\\Users\\Daniël\\OptiPlatform-1\\server\\src\\suppliers\\suppliers.service.ts": {"lines":{"total":178,"covered":82,"skipped":0,"pct":46.06},"functions":{"total":35,"covered":25,"skipped":0,"pct":71.42},"statements":{"total":187,"covered":84,"skipped":0,"pct":44.91},"branches":{"total":102,"covered":34,"skipped":0,"pct":33.33}}
,"C:\\Users\\Daniël\\OptiPlatform-1\\server\\src\\user\\user.resolver.ts": {"lines":{"total":93,"covered":15,"skipped":0,"pct":16.12},"functions":{"total":20,"covered":4,"skipped":0,"pct":20},"statements":{"total":93,"covered":15,"skipped":0,"pct":16.12},"branches":{"total":90,"covered":8,"skipped":0,"pct":8.88}}
,"C:\\Users\\Daniël\\OptiPlatform-1\\server\\src\\user\\user.service.ts": {"lines":{"total":148,"covered":42,"skipped":0,"pct":28.37},"functions":{"total":28,"covered":10,"skipped":0,"pct":35.71},"statements":{"total":151,"covered":44,"skipped":0,"pct":29.13},"branches":{"total":89,"covered":18,"skipped":0,"pct":20.22}}
}
