{"total": {"lines":{"total":3663,"covered":1507,"skipped":0,"pct":41.14},"statements":{"total":4020,"covered":1672,"skipped":0,"pct":41.59},"functions":{"total":994,"covered":182,"skipped":0,"pct":18.3},"branches":{"total":1075,"covered":174,"skipped":0,"pct":16.18},"branchesTrue":{"total":0,"covered":0,"skipped":0,"pct":100}}
,"C:\\Users\\Daniël\\OptiPlatform-1\\server\\src\\app.resolver.ts": {"lines":{"total":5,"covered":0,"skipped":0,"pct":0},"functions":{"total":2,"covered":0,"skipped":0,"pct":0},"statements":{"total":7,"covered":0,"skipped":0,"pct":0},"branches":{"total":0,"covered":0,"skipped":0,"pct":100}}
,"C:\\Users\\Daniël\\OptiPlatform-1\\server\\src\\analytics\\advanced-analytics.resolver.ts": {"lines":{"total":16,"covered":0,"skipped":0,"pct":0},"functions":{"total":8,"covered":0,"skipped":0,"pct":0},"statements":{"total":19,"covered":0,"skipped":0,"pct":0},"branches":{"total":0,"covered":0,"skipped":0,"pct":100}}
,"C:\\Users\\Daniël\\OptiPlatform-1\\server\\src\\analytics\\advanced-analytics.service.ts": {"lines":{"total":199,"covered":156,"skipped":0,"pct":78.39},"functions":{"total":58,"covered":51,"skipped":0,"pct":87.93},"statements":{"total":244,"covered":182,"skipped":0,"pct":74.59},"branches":{"total":52,"covered":19,"skipped":0,"pct":36.53}}
,"C:\\Users\\Daniël\\OptiPlatform-1\\server\\src\\analytics\\anomaly-detection.resolver.ts": {"lines":{"total":24,"covered":0,"skipped":0,"pct":0},"functions":{"total":7,"covered":0,"skipped":0,"pct":0},"statements":{"total":26,"covered":0,"skipped":0,"pct":0},"branches":{"total":12,"covered":0,"skipped":0,"pct":0}}
,"C:\\Users\\Daniël\\OptiPlatform-1\\server\\src\\analytics\\anomaly-detection.service.ts": {"lines":{"total":73,"covered":0,"skipped":0,"pct":0},"functions":{"total":19,"covered":0,"skipped":0,"pct":0},"statements":{"total":91,"covered":0,"skipped":0,"pct":0},"branches":{"total":25,"covered":0,"skipped":0,"pct":0}}
,"C:\\Users\\Daniël\\OptiPlatform-1\\server\\src\\auth\\auth.controller.ts": {"lines":{"total":13,"covered":13,"skipped":0,"pct":100},"functions":{"total":5,"covered":5,"skipped":0,"pct":100},"statements":{"total":15,"covered":15,"skipped":0,"pct":100},"branches":{"total":0,"covered":0,"skipped":0,"pct":100}}
,"C:\\Users\\Daniël\\OptiPlatform-1\\server\\src\\auth\\auth.resolver.ts": {"lines":{"total":17,"covered":15,"skipped":0,"pct":88.23},"functions":{"total":5,"covered":3,"skipped":0,"pct":60},"statements":{"total":19,"covered":17,"skipped":0,"pct":89.47},"branches":{"total":1,"covered":1,"skipped":0,"pct":100}}
,"C:\\Users\\Daniël\\OptiPlatform-1\\server\\src\\auth\\auth.service.ts": {"lines":{"total":70,"covered":49,"skipped":0,"pct":70},"functions":{"total":7,"covered":4,"skipped":0,"pct":57.14},"statements":{"total":72,"covered":51,"skipped":0,"pct":70.83},"branches":{"total":37,"covered":22,"skipped":0,"pct":59.45}}
,"C:\\Users\\Daniël\\OptiPlatform-1\\server\\src\\auth\\github.strategy.ts": {"lines":{"total":7,"covered":0,"skipped":0,"pct":0},"functions":{"total":2,"covered":0,"skipped":0,"pct":0},"statements":{"total":9,"covered":0,"skipped":0,"pct":0},"branches":{"total":6,"covered":0,"skipped":0,"pct":0}}
,"C:\\Users\\Daniël\\OptiPlatform-1\\server\\src\\auth\\google.strategy.ts": {"lines":{"total":8,"covered":0,"skipped":0,"pct":0},"functions":{"total":2,"covered":0,"skipped":0,"pct":0},"statements":{"total":10,"covered":0,"skipped":0,"pct":0},"branches":{"total":22,"covered":0,"skipped":0,"pct":0}}
,"C:\\Users\\Daniël\\OptiPlatform-1\\server\\src\\auth\\jwt-auth.guard.ts": {"lines":{"total":13,"covered":7,"skipped":0,"pct":53.84},"functions":{"total":3,"covered":1,"skipped":0,"pct":33.33},"statements":{"total":15,"covered":9,"skipped":0,"pct":60},"branches":{"total":24,"covered":0,"skipped":0,"pct":0}}
,"C:\\Users\\Daniël\\OptiPlatform-1\\server\\src\\auth\\jwt.strategy.ts": {"lines":{"total":15,"covered":0,"skipped":0,"pct":0},"functions":{"total":2,"covered":0,"skipped":0,"pct":0},"statements":{"total":17,"covered":0,"skipped":0,"pct":0},"branches":{"total":8,"covered":0,"skipped":0,"pct":0}}
,"C:\\Users\\Daniël\\OptiPlatform-1\\server\\src\\auth\\dto\\login.input.ts": {"lines":{"total":5,"covered":5,"skipped":0,"pct":100},"functions":{"total":0,"covered":0,"skipped":0,"pct":100},"statements":{"total":7,"covered":7,"skipped":0,"pct":100},"branches":{"total":0,"covered":0,"skipped":0,"pct":100}}
,"C:\\Users\\Daniël\\OptiPlatform-1\\server\\src\\auth\\dto\\register.input.ts": {"lines":{"total":5,"covered":5,"skipped":0,"pct":100},"functions":{"total":0,"covered":0,"skipped":0,"pct":100},"statements":{"total":7,"covered":7,"skipped":0,"pct":100},"branches":{"total":0,"covered":0,"skipped":0,"pct":100}}
,"C:\\Users\\Daniël\\OptiPlatform-1\\server\\src\\common\\all-exceptions.filter.ts": {"lines":{"total":23,"covered":0,"skipped":0,"pct":0},"functions":{"total":2,"covered":0,"skipped":0,"pct":0},"statements":{"total":25,"covered":0,"skipped":0,"pct":0},"branches":{"total":16,"covered":0,"skipped":0,"pct":0}}
,"C:\\Users\\Daniël\\OptiPlatform-1\\server\\src\\common\\logger.service.ts": {"lines":{"total":90,"covered":35,"skipped":0,"pct":38.88},"functions":{"total":28,"covered":11,"skipped":0,"pct":39.28},"statements":{"total":97,"covered":37,"skipped":0,"pct":38.14},"branches":{"total":25,"covered":7,"skipped":0,"pct":28}}
,"C:\\Users\\Daniël\\OptiPlatform-1\\server\\src\\common\\logging.interceptor.ts": {"lines":{"total":14,"covered":0,"skipped":0,"pct":0},"functions":{"total":4,"covered":0,"skipped":0,"pct":0},"statements":{"total":16,"covered":0,"skipped":0,"pct":0},"branches":{"total":2,"covered":0,"skipped":0,"pct":0}}
,"C:\\Users\\Daniël\\OptiPlatform-1\\server\\src\\common\\logs.resolver.ts": {"lines":{"total":22,"covered":0,"skipped":0,"pct":0},"functions":{"total":10,"covered":0,"skipped":0,"pct":0},"statements":{"total":24,"covered":0,"skipped":0,"pct":0},"branches":{"total":12,"covered":0,"skipped":0,"pct":0}}
,"C:\\Users\\Daniël\\OptiPlatform-1\\server\\src\\errors\\api-error.ts": {"lines":{"total":70,"covered":0,"skipped":0,"pct":0},"functions":{"total":22,"covered":0,"skipped":0,"pct":0},"statements":{"total":70,"covered":0,"skipped":0,"pct":0},"branches":{"total":59,"covered":0,"skipped":0,"pct":0}}
,"C:\\Users\\Daniël\\OptiPlatform-1\\server\\src\\errors\\database-error-handler.ts": {"lines":{"total":52,"covered":15,"skipped":0,"pct":28.84},"functions":{"total":10,"covered":7,"skipped":0,"pct":70},"statements":{"total":53,"covered":16,"skipped":0,"pct":30.18},"branches":{"total":26,"covered":2,"skipped":0,"pct":7.69}}
,"C:\\Users\\Daniël\\OptiPlatform-1\\server\\src\\errors\\error-codes.ts": {"lines":{"total":11,"covered":11,"skipped":0,"pct":100},"functions":{"total":2,"covered":2,"skipped":0,"pct":100},"statements":{"total":11,"covered":11,"skipped":0,"pct":100},"branches":{"total":2,"covered":2,"skipped":0,"pct":100}}
,"C:\\Users\\Daniël\\OptiPlatform-1\\server\\src\\errors\\logging.service.ts": {"lines":{"total":89,"covered":4,"skipped":0,"pct":4.49},"functions":{"total":29,"covered":0,"skipped":0,"pct":0},"statements":{"total":102,"covered":6,"skipped":0,"pct":5.88},"branches":{"total":58,"covered":0,"skipped":0,"pct":0}}
,"C:\\Users\\Daniël\\OptiPlatform-1\\server\\src\\inventory\\category.resolver.ts": {"lines":{"total":28,"covered":0,"skipped":0,"pct":0},"functions":{"total":17,"covered":0,"skipped":0,"pct":0},"statements":{"total":33,"covered":0,"skipped":0,"pct":0},"branches":{"total":0,"covered":0,"skipped":0,"pct":100}}
,"C:\\Users\\Daniël\\OptiPlatform-1\\server\\src\\inventory\\inventory-transaction.resolver.ts": {"lines":{"total":66,"covered":0,"skipped":0,"pct":0},"functions":{"total":43,"covered":0,"skipped":0,"pct":0},"statements":{"total":71,"covered":0,"skipped":0,"pct":0},"branches":{"total":0,"covered":0,"skipped":0,"pct":100}}
,"C:\\Users\\Daniël\\OptiPlatform-1\\server\\src\\inventory\\inventory.service.ts": {"lines":{"total":233,"covered":65,"skipped":0,"pct":27.89},"functions":{"total":45,"covered":5,"skipped":0,"pct":11.11},"statements":{"total":239,"covered":67,"skipped":0,"pct":28.03},"branches":{"total":124,"covered":25,"skipped":0,"pct":20.16}}
,"C:\\Users\\Daniël\\OptiPlatform-1\\server\\src\\inventory\\price-history.resolver.ts": {"lines":{"total":27,"covered":0,"skipped":0,"pct":0},"functions":{"total":16,"covered":0,"skipped":0,"pct":0},"statements":{"total":29,"covered":0,"skipped":0,"pct":0},"branches":{"total":0,"covered":0,"skipped":0,"pct":100}}
,"C:\\Users\\Daniël\\OptiPlatform-1\\server\\src\\inventory\\price-history.service.ts": {"lines":{"total":22,"covered":5,"skipped":0,"pct":22.72},"functions":{"total":9,"covered":0,"skipped":0,"pct":0},"statements":{"total":26,"covered":7,"skipped":0,"pct":26.92},"branches":{"total":2,"covered":0,"skipped":0,"pct":0}}
,"C:\\Users\\Daniël\\OptiPlatform-1\\server\\src\\inventory\\product-note.resolver.ts": {"lines":{"total":19,"covered":0,"skipped":0,"pct":0},"functions":{"total":11,"covered":0,"skipped":0,"pct":0},"statements":{"total":24,"covered":0,"skipped":0,"pct":0},"branches":{"total":0,"covered":0,"skipped":0,"pct":100}}
,"C:\\Users\\Daniël\\OptiPlatform-1\\server\\src\\inventory\\product.resolver.ts": {"lines":{"total":37,"covered":29,"skipped":0,"pct":78.37},"functions":{"total":23,"covered":11,"skipped":0,"pct":47.82},"statements":{"total":44,"covered":32,"skipped":0,"pct":72.72},"branches":{"total":0,"covered":0,"skipped":0,"pct":100}}
,"C:\\Users\\Daniël\\OptiPlatform-1\\server\\src\\inventory\\dto\\advanced-transaction.input.ts": {"lines":{"total":71,"covered":52,"skipped":0,"pct":73.23},"functions":{"total":19,"covered":0,"skipped":0,"pct":0},"statements":{"total":83,"covered":64,"skipped":0,"pct":77.1},"branches":{"total":0,"covered":0,"skipped":0,"pct":100}}
,"C:\\Users\\Daniël\\OptiPlatform-1\\server\\src\\inventory\\dto\\create-category.input.ts": {"lines":{"total":5,"covered":0,"skipped":0,"pct":0},"functions":{"total":0,"covered":0,"skipped":0,"pct":100},"statements":{"total":7,"covered":0,"skipped":0,"pct":0},"branches":{"total":0,"covered":0,"skipped":0,"pct":100}}
,"C:\\Users\\Daniël\\OptiPlatform-1\\server\\src\\inventory\\dto\\create-inventory-transaction.input.ts": {"lines":{"total":29,"covered":0,"skipped":0,"pct":0},"functions":{"total":8,"covered":0,"skipped":0,"pct":0},"statements":{"total":31,"covered":0,"skipped":0,"pct":0},"branches":{"total":0,"covered":0,"skipped":0,"pct":100}}
,"C:\\Users\\Daniël\\OptiPlatform-1\\server\\src\\inventory\\dto\\create-price-history.input.ts": {"lines":{"total":12,"covered":0,"skipped":0,"pct":0},"functions":{"total":2,"covered":0,"skipped":0,"pct":0},"statements":{"total":14,"covered":0,"skipped":0,"pct":0},"branches":{"total":0,"covered":0,"skipped":0,"pct":100}}
,"C:\\Users\\Daniël\\OptiPlatform-1\\server\\src\\inventory\\dto\\create-product-note.input.ts": {"lines":{"total":8,"covered":0,"skipped":0,"pct":0},"functions":{"total":2,"covered":0,"skipped":0,"pct":0},"statements":{"total":10,"covered":0,"skipped":0,"pct":0},"branches":{"total":0,"covered":0,"skipped":0,"pct":100}}
,"C:\\Users\\Daniël\\OptiPlatform-1\\server\\src\\inventory\\dto\\create-product.input.ts": {"lines":{"total":14,"covered":14,"skipped":0,"pct":100},"functions":{"total":2,"covered":2,"skipped":0,"pct":100},"statements":{"total":16,"covered":16,"skipped":0,"pct":100},"branches":{"total":0,"covered":0,"skipped":0,"pct":100}}
,"C:\\Users\\Daniël\\OptiPlatform-1\\server\\src\\inventory\\dto\\update-category.input.ts": {"lines":{"total":6,"covered":0,"skipped":0,"pct":0},"functions":{"total":1,"covered":0,"skipped":0,"pct":0},"statements":{"total":8,"covered":0,"skipped":0,"pct":0},"branches":{"total":0,"covered":0,"skipped":0,"pct":100}}
,"C:\\Users\\Daniël\\OptiPlatform-1\\server\\src\\inventory\\dto\\update-inventory-transaction.input.ts": {"lines":{"total":8,"covered":0,"skipped":0,"pct":0},"functions":{"total":1,"covered":0,"skipped":0,"pct":0},"statements":{"total":10,"covered":0,"skipped":0,"pct":0},"branches":{"total":0,"covered":0,"skipped":0,"pct":100}}
,"C:\\Users\\Daniël\\OptiPlatform-1\\server\\src\\inventory\\dto\\update-product.input.ts": {"lines":{"total":9,"covered":8,"skipped":0,"pct":88.88},"functions":{"total":1,"covered":0,"skipped":0,"pct":0},"statements":{"total":11,"covered":10,"skipped":0,"pct":90.9},"branches":{"total":0,"covered":0,"skipped":0,"pct":100}}
,"C:\\Users\\Daniël\\OptiPlatform-1\\server\\src\\inventory\\entities\\category.entity.ts": {"lines":{"total":13,"covered":9,"skipped":0,"pct":69.23},"functions":{"total":5,"covered":0,"skipped":0,"pct":0},"statements":{"total":16,"covered":11,"skipped":0,"pct":68.75},"branches":{"total":0,"covered":0,"skipped":0,"pct":100}}
,"C:\\Users\\Daniël\\OptiPlatform-1\\server\\src\\inventory\\entities\\inventory-transaction.entity.ts": {"lines":{"total":63,"covered":49,"skipped":0,"pct":77.77},"functions":{"total":16,"covered":2,"skipped":0,"pct":12.5},"statements":{"total":65,"covered":51,"skipped":0,"pct":78.46},"branches":{"total":4,"covered":4,"skipped":0,"pct":100}}
,"C:\\Users\\Daniël\\OptiPlatform-1\\server\\src\\inventory\\entities\\price-history.entity.ts": {"lines":{"total":23,"covered":16,"skipped":0,"pct":69.56},"functions":{"total":7,"covered":0,"skipped":0,"pct":0},"statements":{"total":25,"covered":18,"skipped":0,"pct":72},"branches":{"total":0,"covered":0,"skipped":0,"pct":100}}
,"C:\\Users\\Daniël\\OptiPlatform-1\\server\\src\\inventory\\entities\\product-note.entity.ts": {"lines":{"total":20,"covered":12,"skipped":0,"pct":60},"functions":{"total":8,"covered":0,"skipped":0,"pct":0},"statements":{"total":22,"covered":14,"skipped":0,"pct":63.63},"branches":{"total":0,"covered":0,"skipped":0,"pct":100}}
,"C:\\Users\\Daniël\\OptiPlatform-1\\server\\src\\inventory\\entities\\product.entity.ts": {"lines":{"total":22,"covered":16,"skipped":0,"pct":72.72},"functions":{"total":7,"covered":0,"skipped":0,"pct":0},"statements":{"total":25,"covered":18,"skipped":0,"pct":72},"branches":{"total":0,"covered":0,"skipped":0,"pct":100}}
,"C:\\Users\\Daniël\\OptiPlatform-1\\server\\src\\notifications\\notifications.resolver.ts": {"lines":{"total":11,"covered":0,"skipped":0,"pct":0},"functions":{"total":3,"covered":0,"skipped":0,"pct":0},"statements":{"total":13,"covered":0,"skipped":0,"pct":0},"branches":{"total":4,"covered":0,"skipped":0,"pct":0}}
,"C:\\Users\\Daniël\\OptiPlatform-1\\server\\src\\notifications\\notifications.service.ts": {"lines":{"total":36,"covered":13,"skipped":0,"pct":36.11},"functions":{"total":6,"covered":3,"skipped":0,"pct":50},"statements":{"total":42,"covered":16,"skipped":0,"pct":38.09},"branches":{"total":14,"covered":2,"skipped":0,"pct":14.28}}
,"C:\\Users\\Daniël\\OptiPlatform-1\\server\\src\\notifications\\entities\\device-token.entity.ts": {"lines":{"total":11,"covered":8,"skipped":0,"pct":72.72},"functions":{"total":3,"covered":0,"skipped":0,"pct":0},"statements":{"total":13,"covered":10,"skipped":0,"pct":76.92},"branches":{"total":0,"covered":0,"skipped":0,"pct":100}}
,"C:\\Users\\Daniël\\OptiPlatform-1\\server\\src\\reports\\export.service.ts": {"lines":{"total":127,"covered":0,"skipped":0,"pct":0},"functions":{"total":22,"covered":0,"skipped":0,"pct":0},"statements":{"total":137,"covered":0,"skipped":0,"pct":0},"branches":{"total":71,"covered":0,"skipped":0,"pct":0}}
,"C:\\Users\\Daniël\\OptiPlatform-1\\server\\src\\reports\\reports.controller.ts": {"lines":{"total":49,"covered":0,"skipped":0,"pct":0},"functions":{"total":15,"covered":0,"skipped":0,"pct":0},"statements":{"total":51,"covered":0,"skipped":0,"pct":0},"branches":{"total":27,"covered":0,"skipped":0,"pct":0}}
,"C:\\Users\\Daniël\\OptiPlatform-1\\server\\src\\reports\\reports.resolver.ts": {"lines":{"total":48,"covered":0,"skipped":0,"pct":0},"functions":{"total":22,"covered":0,"skipped":0,"pct":0},"statements":{"total":50,"covered":0,"skipped":0,"pct":0},"branches":{"total":20,"covered":0,"skipped":0,"pct":0}}
,"C:\\Users\\Daniël\\OptiPlatform-1\\server\\src\\reports\\reports.service.ts": {"lines":{"total":134,"covered":115,"skipped":0,"pct":85.82},"functions":{"total":41,"covered":33,"skipped":0,"pct":80.48},"statements":{"total":159,"covered":131,"skipped":0,"pct":82.38},"branches":{"total":96,"covered":53,"skipped":0,"pct":55.2}}
,"C:\\Users\\Daniël\\OptiPlatform-1\\server\\src\\suppliers\\purchase-orders.resolver.ts": {"lines":{"total":78,"covered":0,"skipped":0,"pct":0},"functions":{"total":50,"covered":0,"skipped":0,"pct":0},"statements":{"total":81,"covered":0,"skipped":0,"pct":0},"branches":{"total":0,"covered":0,"skipped":0,"pct":100}}
,"C:\\Users\\Daniël\\OptiPlatform-1\\server\\src\\suppliers\\purchase-orders.service.ts": {"lines":{"total":214,"covered":32,"skipped":0,"pct":14.95},"functions":{"total":30,"covered":5,"skipped":0,"pct":16.66},"statements":{"total":225,"covered":34,"skipped":0,"pct":15.11},"branches":{"total":92,"covered":0,"skipped":0,"pct":0}}
,"C:\\Users\\Daniël\\OptiPlatform-1\\server\\src\\suppliers\\suppliers.resolver.ts": {"lines":{"total":60,"covered":0,"skipped":0,"pct":0},"functions":{"total":38,"covered":0,"skipped":0,"pct":0},"statements":{"total":63,"covered":0,"skipped":0,"pct":0},"branches":{"total":0,"covered":0,"skipped":0,"pct":100}}
,"C:\\Users\\Daniël\\OptiPlatform-1\\server\\src\\suppliers\\suppliers.service.ts": {"lines":{"total":201,"covered":54,"skipped":0,"pct":26.86},"functions":{"total":35,"covered":13,"skipped":0,"pct":37.14},"statements":{"total":212,"covered":56,"skipped":0,"pct":26.41},"branches":{"total":74,"covered":0,"skipped":0,"pct":0}}
,"C:\\Users\\Daniël\\OptiPlatform-1\\server\\src\\suppliers\\dto\\purchase-order.input.ts": {"lines":{"total":98,"covered":78,"skipped":0,"pct":79.59},"functions":{"total":20,"covered":0,"skipped":0,"pct":0},"statements":{"total":110,"covered":90,"skipped":0,"pct":81.81},"branches":{"total":0,"covered":0,"skipped":0,"pct":100}}
,"C:\\Users\\Daniël\\OptiPlatform-1\\server\\src\\suppliers\\dto\\supplier-product.input.ts": {"lines":{"total":44,"covered":35,"skipped":0,"pct":79.54},"functions":{"total":9,"covered":0,"skipped":0,"pct":0},"statements":{"total":50,"covered":41,"skipped":0,"pct":82},"branches":{"total":0,"covered":0,"skipped":0,"pct":100}}
,"C:\\Users\\Daniël\\OptiPlatform-1\\server\\src\\suppliers\\dto\\supplier-response.dto.ts": {"lines":{"total":64,"covered":0,"skipped":0,"pct":0},"functions":{"total":19,"covered":0,"skipped":0,"pct":0},"statements":{"total":74,"covered":0,"skipped":0,"pct":0},"branches":{"total":0,"covered":0,"skipped":0,"pct":100}}
,"C:\\Users\\Daniël\\OptiPlatform-1\\server\\src\\suppliers\\dto\\supplier.input.ts": {"lines":{"total":77,"covered":64,"skipped":0,"pct":83.11},"functions":{"total":13,"covered":0,"skipped":0,"pct":0},"statements":{"total":81,"covered":68,"skipped":0,"pct":83.95},"branches":{"total":0,"covered":0,"skipped":0,"pct":100}}
,"C:\\Users\\Daniël\\OptiPlatform-1\\server\\src\\suppliers\\entities\\purchase-order-item.entity.ts": {"lines":{"total":57,"covered":43,"skipped":0,"pct":75.43},"functions":{"total":16,"covered":1,"skipped":0,"pct":6.25},"statements":{"total":60,"covered":45,"skipped":0,"pct":75},"branches":{"total":2,"covered":2,"skipped":0,"pct":100}}
,"C:\\Users\\Daniël\\OptiPlatform-1\\server\\src\\suppliers\\entities\\purchase-order.entity.ts": {"lines":{"total":93,"covered":74,"skipped":0,"pct":79.56},"functions":{"total":23,"covered":2,"skipped":0,"pct":8.69},"statements":{"total":97,"covered":76,"skipped":0,"pct":78.35},"branches":{"total":4,"covered":4,"skipped":0,"pct":100}}
,"C:\\Users\\Daniël\\OptiPlatform-1\\server\\src\\suppliers\\entities\\supplier-product.entity.ts": {"lines":{"total":35,"covered":25,"skipped":0,"pct":71.42},"functions":{"total":11,"covered":0,"skipped":0,"pct":0},"statements":{"total":38,"covered":27,"skipped":0,"pct":71.05},"branches":{"total":0,"covered":0,"skipped":0,"pct":100}}
,"C:\\Users\\Daniël\\OptiPlatform-1\\server\\src\\suppliers\\entities\\supplier.entity.ts": {"lines":{"total":64,"covered":52,"skipped":0,"pct":81.25},"functions":{"total":16,"covered":2,"skipped":0,"pct":12.5},"statements":{"total":68,"covered":54,"skipped":0,"pct":79.41},"branches":{"total":4,"covered":4,"skipped":0,"pct":100}}
,"C:\\Users\\Daniël\\OptiPlatform-1\\server\\src\\user\\activity-log.entity.ts": {"lines":{"total":41,"covered":31,"skipped":0,"pct":75.6},"functions":{"total":9,"covered":1,"skipped":0,"pct":11.11},"statements":{"total":45,"covered":33,"skipped":0,"pct":73.33},"branches":{"total":3,"covered":2,"skipped":0,"pct":66.66}}
,"C:\\Users\\Daniël\\OptiPlatform-1\\server\\src\\user\\user-permission.entity.ts": {"lines":{"total":56,"covered":49,"skipped":0,"pct":87.5},"functions":{"total":9,"covered":1,"skipped":0,"pct":11.11},"statements":{"total":59,"covered":51,"skipped":0,"pct":86.44},"branches":{"total":2,"covered":2,"skipped":0,"pct":100}}
,"C:\\Users\\Daniël\\OptiPlatform-1\\server\\src\\user\\user-preferences.entity.ts": {"lines":{"total":33,"covered":23,"skipped":0,"pct":69.69},"functions":{"total":10,"covered":1,"skipped":0,"pct":10},"statements":{"total":36,"covered":25,"skipped":0,"pct":69.44},"branches":{"total":4,"covered":2,"skipped":0,"pct":50}}
,"C:\\Users\\Daniël\\OptiPlatform-1\\server\\src\\user\\user.entity.ts": {"lines":{"total":47,"covered":35,"skipped":0,"pct":74.46},"functions":{"total":15,"covered":2,"skipped":0,"pct":13.33},"statements":{"total":52,"covered":37,"skipped":0,"pct":71.15},"branches":{"total":10,"covered":4,"skipped":0,"pct":40}}
,"C:\\Users\\Daniël\\OptiPlatform-1\\server\\src\\user\\user.resolver.ts": {"lines":{"total":146,"covered":46,"skipped":0,"pct":31.5},"functions":{"total":43,"covered":4,"skipped":0,"pct":9.3},"statements":{"total":149,"covered":48,"skipped":0,"pct":32.21},"branches":{"total":73,"covered":5,"skipped":0,"pct":6.84}}
,"C:\\Users\\Daniël\\OptiPlatform-1\\server\\src\\user\\user.service.ts": {"lines":{"total":182,"covered":76,"skipped":0,"pct":41.75},"functions":{"total":28,"covered":10,"skipped":0,"pct":35.71},"statements":{"total":187,"covered":80,"skipped":0,"pct":42.78},"branches":{"total":58,"covered":12,"skipped":0,"pct":20.68}}
,"C:\\Users\\Daniël\\OptiPlatform-1\\server\\src\\user\\dto\\permission-management.input.ts": {"lines":{"total":23,"covered":15,"skipped":0,"pct":65.21},"functions":{"total":8,"covered":0,"skipped":0,"pct":0},"statements":{"total":31,"covered":23,"skipped":0,"pct":74.19},"branches":{"total":0,"covered":0,"skipped":0,"pct":100}}
,"C:\\Users\\Daniël\\OptiPlatform-1\\server\\src\\user\\dto\\preferences-activity.input.ts": {"lines":{"total":19,"covered":14,"skipped":0,"pct":73.68},"functions":{"total":6,"covered":0,"skipped":0,"pct":0},"statements":{"total":25,"covered":18,"skipped":0,"pct":72},"branches":{"total":0,"covered":0,"skipped":0,"pct":100}}
,"C:\\Users\\Daniël\\OptiPlatform-1\\server\\src\\user\\dto\\user-management.input.ts": {"lines":{"total":39,"covered":35,"skipped":0,"pct":89.74},"functions":{"total":4,"covered":0,"skipped":0,"pct":0},"statements":{"total":47,"covered":43,"skipped":0,"pct":91.48},"branches":{"total":0,"covered":0,"skipped":0,"pct":100}}
}
