TN:
SF:src\app.resolver.ts
FN:6,(anonymous_0)
FNF:1
FNH:0
FNDA:0,(anonymous_0)
DA:7,0
LF:1
LH:0
BRF:0
BRH:0
end_of_record
TN:
SF:src\analytics\advanced-analytics.resolver.ts
FN:14,(anonymous_0)
FN:20,(anonymous_1)
FN:9,(anonymous_2)
FNF:3
FNH:0
FNDA:0,(anonymous_0)
FNDA:0,(anonymous_1)
FNDA:0,(anonymous_2)
DA:10,0
DA:15,0
DA:16,0
DA:24,0
DA:25,0
LF:5
LH:0
BRF:0
BRH:0
end_of_record
TN:
SF:src\analytics\advanced-analytics.service.ts
FN:9,(anonymous_0)
FN:11,(anonymous_1)
FN:14,(anonymous_2)
FN:17,(anonymous_3)
FN:22,(anonymous_4)
FN:26,(anonymous_5)
FN:27,(anonymous_6)
FN:28,(anonymous_7)
FN:29,(anonymous_8)
FN:94,(anonymous_9)
FN:184,(anonymous_10)
FN:232,(anonymous_11)
FN:246,(anonymous_12)
FN:247,(anonymous_13)
FN:248,(anonymous_14)
FN:257,(anonymous_15)
FN:261,(anonymous_16)
FN:262,(anonymous_17)
FN:274,(anonymous_18)
FN:283,(anonymous_19)
FN:296,(anonymous_20)
FN:299,(anonymous_21)
FN:300,(anonymous_22)
FN:305,(anonymous_23)
FN:306,(anonymous_24)
FN:321,(anonymous_25)
FN:328,(anonymous_26)
FN:329,(anonymous_27)
FN:333,(anonymous_28)
FN:334,(anonymous_29)
FN:341,(anonymous_30)
FN:344,(anonymous_31)
FN:345,(anonymous_32)
FN:347,(anonymous_33)
FN:348,(anonymous_34)
FN:355,(anonymous_35)
FN:391,(anonymous_36)
FN:430,(anonymous_37)
FN:434,(anonymous_38)
FN:435,(anonymous_39)
FN:444,(anonymous_40)
FN:451,(anonymous_41)
FN:463,(anonymous_42)
FN:466,(anonymous_43)
FN:475,(anonymous_44)
FN:476,(anonymous_45)
FN:481,(anonymous_46)
FN:521,(anonymous_47)
FN:527,(anonymous_48)
FN:534,(anonymous_49)
FN:535,(anonymous_50)
FN:546,(anonymous_51)
FN:547,(anonymous_52)
FN:556,(anonymous_53)
FN:562,(anonymous_54)
FN:570,(anonymous_55)
FN:571,(anonymous_56)
FN:84,(anonymous_57)
FNF:58
FNH:58
FNDA:1,(anonymous_0)
FNDA:92,(anonymous_1)
FNDA:1,(anonymous_2)
FNDA:21,(anonymous_3)
FNDA:1,(anonymous_4)
FNDA:2,(anonymous_5)
FNDA:2,(anonymous_6)
FNDA:2,(anonymous_7)
FNDA:2,(anonymous_8)
FNDA:2,(anonymous_9)
FNDA:2,(anonymous_10)
FNDA:5,(anonymous_11)
FNDA:1,(anonymous_12)
FNDA:2,(anonymous_13)
FNDA:2,(anonymous_14)
FNDA:1,(anonymous_15)
FNDA:2,(anonymous_16)
FNDA:2,(anonymous_17)
FNDA:1,(anonymous_18)
FNDA:1,(anonymous_19)
FNDA:1,(anonymous_20)
FNDA:2,(anonymous_21)
FNDA:2,(anonymous_22)
FNDA:2,(anonymous_23)
FNDA:2,(anonymous_24)
FNDA:1,(anonymous_25)
FNDA:2,(anonymous_26)
FNDA:4,(anonymous_27)
FNDA:2,(anonymous_28)
FNDA:2,(anonymous_29)
FNDA:1,(anonymous_30)
FNDA:1,(anonymous_31)
FNDA:1,(anonymous_32)
FNDA:1,(anonymous_33)
FNDA:1,(anonymous_34)
FNDA:1,(anonymous_35)
FNDA:1,(anonymous_36)
FNDA:2,(anonymous_37)
FNDA:3,(anonymous_38)
FNDA:3,(anonymous_39)
FNDA:2,(anonymous_40)
FNDA:3,(anonymous_41)
FNDA:14,(anonymous_42)
FNDA:24,(anonymous_43)
FNDA:14,(anonymous_44)
FNDA:24,(anonymous_45)
FNDA:2,(anonymous_46)
FNDA:2,(anonymous_47)
FNDA:2,(anonymous_48)
FNDA:7,(anonymous_49)
FNDA:7,(anonymous_50)
FNDA:7,(anonymous_51)
FNDA:1,(anonymous_52)
FNDA:1,(anonymous_53)
FNDA:2,(anonymous_54)
FNDA:1,(anonymous_55)
FNDA:2,(anonymous_56)
FNDA:5,(anonymous_57)
DA:8,1
DA:10,22
DA:11,92
DA:15,7
DA:16,7
DA:17,21
DA:18,7
DA:19,7
DA:23,1
DA:25,1
DA:26,2
DA:27,2
DA:28,2
DA:29,2
DA:31,1
DA:32,1
DA:34,1
DA:86,5
DA:88,5
DA:95,2
DA:100,2
DA:101,1
DA:105,1
DA:106,1
DA:107,1
DA:108,1
DA:110,1
DA:117,1
DA:118,1
DA:119,1
DA:120,1
DA:121,1
DA:124,1
DA:133,1
DA:136,1
DA:143,1
DA:153,1
DA:163,1
DA:188,2
DA:189,2
DA:190,0
DA:194,2
DA:195,2
DA:198,2
DA:201,2
DA:204,2
DA:211,2
DA:214,2
DA:220,2
DA:237,5
DA:247,2
DA:248,2
DA:249,1
DA:250,1
DA:254,1
DA:261,2
DA:262,2
DA:263,1
DA:265,1
DA:267,1
DA:271,1
DA:275,1
DA:277,0
DA:280,0
DA:287,1
DA:288,1
DA:290,1
DA:291,0
DA:293,0
DA:297,1
DA:299,2
DA:300,2
DA:302,1
DA:305,2
DA:306,2
DA:308,1
DA:309,1
DA:310,1
DA:314,1
DA:315,1
DA:317,0
DA:322,1
DA:323,1
DA:324,1
DA:325,1
DA:329,4
DA:330,2
DA:332,2
DA:333,2
DA:334,2
DA:336,2
DA:338,2
DA:343,1
DA:344,1
DA:345,1
DA:347,1
DA:348,1
DA:350,1
DA:352,1
DA:356,1
DA:358,1
DA:359,1
DA:360,0
DA:361,0
DA:364,1
DA:365,1
DA:368,1
DA:369,0
DA:370,1
DA:371,0
DA:374,1
DA:375,1
DA:378,1
DA:379,1
DA:380,0
DA:381,0
DA:384,1
DA:385,0
DA:388,1
DA:392,1
DA:394,1
DA:395,1
DA:402,1
DA:403,0
DA:410,1
DA:411,1
DA:418,1
DA:419,0
DA:426,1
DA:431,2
DA:433,2
DA:434,3
DA:436,3
DA:437,3
DA:438,3
DA:441,2
DA:446,2
DA:447,2
DA:448,2
DA:449,2
DA:451,2
DA:452,3
DA:453,3
DA:454,3
DA:456,3
DA:457,3
DA:458,3
DA:459,3
DA:463,2
DA:464,14
DA:466,2
DA:467,24
DA:471,2
DA:472,2
DA:474,2
DA:475,14
DA:476,24
DA:486,2
DA:487,2
DA:488,1
DA:491,1
DA:492,1
DA:493,1
DA:496,1
DA:497,7
DA:498,7
DA:499,7
DA:501,7
DA:502,7
DA:504,7
DA:515,7
DA:518,1
DA:524,2
DA:532,2
DA:534,7
DA:535,7
DA:537,2
DA:539,2
DA:540,1
DA:541,1
DA:542,1
DA:546,7
DA:547,2
DA:548,2
DA:549,1
DA:552,2
DA:557,1
DA:559,1
DA:560,1
DA:562,1
DA:563,2
DA:564,2
DA:567,1
DA:571,2
LF:194
LH:179
BRDA:10,0,0,1
BRDA:10,0,1,21
BRDA:15,1,0,0
BRDA:15,1,1,7
BRDA:23,2,0,0
BRDA:23,2,1,1
BRDA:100,3,0,1
BRDA:100,3,1,1
BRDA:186,4,0,2
BRDA:189,5,0,0
BRDA:189,5,1,2
BRDA:265,6,0,0
BRDA:265,6,1,1
BRDA:275,7,0,1
BRDA:275,7,1,0
BRDA:275,8,0,1
BRDA:275,8,1,0
BRDA:290,9,0,1
BRDA:290,9,1,0
BRDA:291,10,0,0
BRDA:291,10,1,0
BRDA:297,11,0,0
BRDA:297,11,1,1
BRDA:302,12,0,0
BRDA:302,12,1,1
BRDA:322,13,0,0
BRDA:322,13,1,1
BRDA:323,14,0,0
BRDA:323,14,1,1
BRDA:324,15,0,0
BRDA:324,15,1,1
BRDA:330,16,0,0
BRDA:330,16,1,2
BRDA:336,17,0,0
BRDA:336,17,1,2
BRDA:350,18,0,0
BRDA:350,18,1,1
BRDA:358,19,0,1
BRDA:358,19,1,0
BRDA:360,20,0,0
BRDA:360,20,1,0
BRDA:364,21,0,1
BRDA:364,21,1,0
BRDA:368,22,0,0
BRDA:368,22,1,1
BRDA:370,23,0,0
BRDA:370,23,1,1
BRDA:374,24,0,1
BRDA:374,24,1,0
BRDA:378,25,0,1
BRDA:378,25,1,0
BRDA:380,26,0,0
BRDA:380,26,1,0
BRDA:384,27,0,0
BRDA:384,27,1,1
BRDA:394,28,0,1
BRDA:394,28,1,0
BRDA:402,29,0,0
BRDA:402,29,1,1
BRDA:402,30,0,1
BRDA:402,30,1,1
BRDA:410,31,0,1
BRDA:410,31,1,0
BRDA:418,32,0,0
BRDA:418,32,1,1
BRDA:437,33,0,3
BRDA:437,33,1,3
BRDA:464,34,0,1
BRDA:464,34,1,13
BRDA:467,35,0,1
BRDA:467,35,1,23
BRDA:487,36,0,1
BRDA:487,36,1,1
BRDA:499,37,0,7
BRDA:499,37,1,0
BRDA:539,38,0,1
BRDA:539,38,1,1
BRDA:541,39,0,1
BRDA:541,39,1,0
BRDA:548,40,0,1
BRDA:548,40,1,1
BRDA:557,41,0,0
BRDA:557,41,1,1
BRF:83
BRH:48
end_of_record
TN:
SF:src\analytics\anomaly-detection.resolver.ts
FN:14,(anonymous_0)
FN:28,(anonymous_1)
FN:43,(anonymous_2)
FN:9,(anonymous_3)
FNF:4
FNH:0
FNDA:0,(anonymous_0)
FNDA:0,(anonymous_1)
FNDA:0,(anonymous_2)
FNDA:0,(anonymous_3)
DA:10,0
DA:19,0
DA:20,0
DA:21,0
DA:23,0
DA:24,0
DA:34,0
DA:35,0
DA:36,0
DA:38,0
DA:39,0
DA:46,0
DA:47,0
LF:13
LH:0
BRDA:19,0,0,0
BRDA:19,0,1,0
BRDA:20,1,0,0
BRDA:20,1,1,0
BRDA:21,2,0,0
BRDA:21,2,1,0
BRDA:34,3,0,0
BRDA:34,3,1,0
BRDA:35,4,0,0
BRDA:35,4,1,0
BRDA:36,5,0,0
BRDA:36,5,1,0
BRF:12
BRH:0
end_of_record
TN:
SF:src\analytics\anomaly-detection.service.ts
FN:32,(anonymous_0)
FN:50,(anonymous_1)
FN:56,(anonymous_2)
FN:78,(anonymous_3)
FN:81,(anonymous_4)
FN:82,(anonymous_5)
FN:90,(anonymous_6)
FN:119,(anonymous_7)
FN:147,(anonymous_8)
FN:148,(anonymous_9)
FN:180,(anonymous_10)
FN:194,(anonymous_11)
FN:197,(anonymous_12)
FN:204,(anonymous_13)
FN:208,(anonymous_14)
FN:211,(anonymous_15)
FN:218,(anonymous_16)
FN:228,(anonymous_17)
FN:22,(anonymous_18)
FNF:19
FNH:19
FNDA:3,(anonymous_0)
FNDA:1,(anonymous_1)
FNDA:11,(anonymous_2)
FNDA:144,(anonymous_3)
FNDA:144,(anonymous_4)
FNDA:144,(anonymous_5)
FNDA:134,(anonymous_6)
FNDA:7,(anonymous_7)
FNDA:95,(anonymous_8)
FNDA:120,(anonymous_9)
FNDA:1,(anonymous_10)
FNDA:9,(anonymous_11)
FNDA:144,(anonymous_12)
FNDA:144,(anonymous_13)
FNDA:135,(anonymous_14)
FNDA:8,(anonymous_15)
FNDA:8,(anonymous_16)
FNDA:8,(anonymous_17)
FNDA:20,(anonymous_18)
DA:24,20
DA:26,20
DA:37,3
DA:38,3
DA:40,3
DA:41,3
DA:47,3
DA:50,3
DA:62,11
DA:63,11
DA:66,10
DA:74,10
DA:77,9
DA:78,144
DA:81,144
DA:82,144
DA:83,9
DA:85,9
DA:88,8
DA:90,8
DA:91,134
DA:93,134
DA:94,8
DA:95,8
DA:96,8
DA:98,8
DA:113,8
DA:126,7
DA:127,7
DA:128,7
DA:131,7
DA:139,7
DA:147,95
DA:148,120
DA:150,7
DA:151,2
DA:160,5
DA:161,5
DA:164,5
DA:165,3
DA:166,1
DA:168,5
DA:189,1
DA:195,9
DA:197,9
DA:198,144
DA:199,144
DA:200,144
DA:203,9
DA:204,144
DA:208,135
DA:212,8
DA:213,4
DA:214,0
DA:215,0
DA:223,8
DA:224,1
DA:225,0
DA:233,8
DA:234,7
DA:235,7
DA:237,0
DA:238,1
DA:239,1
DA:240,1
DA:242,0
DA:244,0
LF:67
LH:61
BRDA:35,0,0,3
BRDA:60,1,0,11
BRDA:63,2,0,1
BRDA:63,2,1,10
BRDA:74,3,0,1
BRDA:74,3,1,9
BRDA:85,4,0,1
BRDA:85,4,1,8
BRDA:93,5,0,8
BRDA:93,5,1,126
BRDA:150,6,0,2
BRDA:150,6,1,5
BRDA:164,7,0,2
BRDA:164,7,1,3
BRDA:165,8,0,2
BRDA:165,8,1,1
BRDA:199,9,0,144
BRDA:199,9,1,0
BRDA:200,10,0,144
BRDA:200,10,1,144
BRDA:212,11,0,4
BRDA:212,11,1,4
BRDA:213,12,0,4
BRDA:213,12,1,0
BRDA:214,13,0,0
BRDA:214,13,1,0
BRDA:223,14,0,7
BRDA:223,14,1,1
BRDA:224,15,0,1
BRDA:224,15,1,0
BRDA:233,16,0,7
BRDA:233,16,1,1
BRDA:234,17,0,7
BRDA:234,17,1,0
BRDA:238,18,0,1
BRDA:238,18,1,0
BRDA:239,19,0,1
BRDA:239,19,1,0
BRF:38
BRH:30
end_of_record
TN:
SF:src\auth\auth.controller.ts
FN:12,(anonymous_0)
FN:18,(anonymous_1)
FN:25,(anonymous_2)
FN:31,(anonymous_3)
FN:8,(anonymous_4)
FNF:5
FNH:5
FNDA:1,(anonymous_0)
FNDA:1,(anonymous_1)
FNDA:1,(anonymous_2)
FNDA:1,(anonymous_3)
FNDA:5,(anonymous_4)
DA:8,5
DA:19,1
DA:20,1
DA:32,1
DA:33,1
LF:5
LH:5
BRF:0
BRH:0
end_of_record
TN:
SF:src\auth\auth.resolver.ts
FN:12,(anonymous_0)
FN:24,(anonymous_1)
FN:9,(anonymous_2)
FNF:3
FNH:3
FNDA:2,(anonymous_0)
FNDA:1,(anonymous_1)
FNDA:4,(anonymous_2)
DA:9,4
DA:13,2
DA:17,2
DA:18,1
DA:20,1
DA:25,1
DA:29,1
LF:7
LH:7
BRDA:17,0,0,1
BRDA:17,0,1,1
BRF:2
BRH:2
end_of_record
TN:
SF:src\auth\auth.service.ts
FN:21,(anonymous_0)
FN:57,(anonymous_1)
FN:100,(anonymous_2)
FN:126,(anonymous_3)
FN:142,(anonymous_4)
FN:13,(anonymous_5)
FN:17,(anonymous_6)
FNF:7
FNH:4
FNDA:2,(anonymous_0)
FNDA:3,(anonymous_1)
FNDA:1,(anonymous_2)
FNDA:0,(anonymous_3)
FNDA:0,(anonymous_4)
FNDA:4,(anonymous_5)
FNDA:0,(anonymous_6)
DA:14,4
DA:16,4
DA:17,0
DA:18,4
DA:22,2
DA:23,0
DA:26,2
DA:27,2
DA:28,2
DA:32,2
DA:34,2
DA:35,0
DA:36,0
DA:39,2
DA:40,2
DA:42,2
DA:43,1
DA:44,1
DA:46,1
DA:48,0
DA:49,0
DA:50,0
DA:52,0
DA:59,3
DA:60,0
DA:63,3
DA:64,0
DA:67,3
DA:68,0
DA:72,3
DA:79,3
DA:80,2
DA:81,1
DA:83,1
DA:84,1
DA:88,1
DA:89,1
DA:95,3
DA:96,1
DA:97,1
DA:101,1
DA:102,0
DA:105,1
DA:106,1
DA:113,1
DA:115,1
DA:116,1
DA:117,1
DA:118,1
DA:119,1
DA:121,0
DA:122,0
DA:127,0
DA:128,0
DA:131,0
DA:132,0
DA:136,0
DA:138,0
DA:143,0
LF:59
LH:38
BRDA:22,0,0,0
BRDA:22,0,1,2
BRDA:22,1,0,2
BRDA:22,1,1,2
BRDA:32,2,0,0
BRDA:32,2,1,2
BRDA:32,3,0,2
BRDA:32,3,1,2
BRDA:34,4,0,0
BRDA:34,4,1,2
BRDA:42,5,0,1
BRDA:42,5,1,1
BRDA:49,6,0,0
BRDA:49,6,1,0
BRDA:59,7,0,0
BRDA:59,7,1,3
BRDA:59,8,0,3
BRDA:59,8,1,3
BRDA:63,9,0,0
BRDA:63,9,1,3
BRDA:67,10,0,0
BRDA:67,10,1,3
BRDA:75,11,0,3
BRDA:75,11,1,0
BRDA:79,12,0,2
BRDA:79,12,1,1
BRDA:80,13,0,1
BRDA:80,13,1,1
BRDA:83,14,0,1
BRDA:83,14,1,0
BRDA:92,15,0,1
BRDA:92,15,1,0
BRDA:101,16,0,0
BRDA:101,16,1,1
BRDA:101,17,0,1
BRDA:101,17,1,1
BRDA:101,17,2,1
BRDA:108,18,0,1
BRDA:108,18,1,0
BRDA:108,19,0,1
BRDA:108,19,1,1
BRDA:109,20,0,1
BRDA:109,20,1,0
BRDA:109,21,0,1
BRDA:109,21,1,1
BRDA:127,22,0,0
BRDA:127,22,1,0
BRDA:127,23,0,0
BRDA:127,23,1,0
BRF:49
BRH:31
end_of_record
TN:
SF:src\auth\github.strategy.ts
FN:16,(anonymous_0)
FN:7,(anonymous_1)
FNF:2
FNH:0
FNDA:0,(anonymous_0)
FNDA:0,(anonymous_1)
DA:8,0
DA:21,0
DA:22,0
LF:3
LH:0
BRDA:9,0,0,0
BRDA:9,0,1,0
BRDA:10,1,0,0
BRDA:10,1,1,0
BRDA:11,2,0,0
BRDA:11,2,1,0
BRF:6
BRH:0
end_of_record
TN:
SF:src\auth\google.strategy.ts
FN:16,(anonymous_0)
FN:7,(anonymous_1)
FNF:2
FNH:0
FNDA:0,(anonymous_0)
FNDA:0,(anonymous_1)
DA:8,0
DA:22,0
DA:23,0
DA:28,0
LF:4
LH:0
BRDA:24,0,0,0
BRDA:24,0,1,0
BRDA:24,1,0,0
BRDA:24,1,1,0
BRDA:24,2,0,0
BRDA:24,2,1,0
BRDA:25,3,0,0
BRDA:25,3,1,0
BRDA:25,4,0,0
BRDA:25,4,1,0
BRDA:26,5,0,0
BRDA:26,5,1,0
BRDA:26,6,0,0
BRDA:26,6,1,0
BRDA:9,7,0,0
BRDA:9,7,1,0
BRDA:10,8,0,0
BRDA:10,8,1,0
BRDA:11,9,0,0
BRDA:11,9,1,0
BRF:20
BRH:0
end_of_record
TN:
SF:src\auth\jwt-auth.guard.ts
FN:12,(anonymous_0)
FN:29,(anonymous_1)
FN:8,(anonymous_2)
FNF:3
FNH:1
FNDA:0,(anonymous_0)
FNDA:0,(anonymous_1)
FNDA:25,(anonymous_2)
DA:9,25
DA:13,0
DA:14,0
DA:16,0
DA:26,0
DA:30,0
DA:42,0
LF:7
LH:1
BRDA:20,0,0,0
BRDA:20,0,1,0
BRDA:20,1,0,0
BRDA:20,1,1,0
BRDA:21,2,0,0
BRDA:21,2,1,0
BRDA:21,3,0,0
BRDA:21,3,1,0
BRDA:21,4,0,0
BRDA:21,4,1,0
BRDA:22,5,0,0
BRDA:22,5,1,0
BRDA:35,6,0,0
BRDA:35,6,1,0
BRDA:35,7,0,0
BRDA:35,7,1,0
BRDA:38,8,0,0
BRDA:38,8,1,0
BRDA:38,9,0,0
BRDA:38,9,1,0
BRDA:38,10,0,0
BRDA:38,10,1,0
BRF:22
BRH:0
end_of_record
TN:
SF:src\auth\jwt.strategy.ts
FN:30,(anonymous_0)
FN:9,(anonymous_1)
FNF:2
FNH:0
FNDA:0,(anonymous_0)
FNDA:0,(anonymous_1)
DA:13,0
DA:19,0
DA:20,0
DA:31,0
DA:37,0
DA:39,0
DA:45,0
LF:7
LH:0
BRDA:24,0,0,0
BRDA:24,0,1,0
BRDA:24,1,0,0
BRDA:24,1,1,0
BRDA:25,2,0,0
BRDA:25,2,1,0
BRDA:25,3,0,0
BRDA:25,3,1,0
BRF:8
BRH:0
end_of_record
TN:
SF:src\common\all-exceptions.filter.ts
FN:14,(anonymous_0)
FN:12,(anonymous_1)
FNF:2
FNH:0
FNDA:0,(anonymous_0)
FNDA:0,(anonymous_1)
DA:12,0
DA:15,0
DA:16,0
DA:17,0
DA:19,0
DA:20,0
DA:21,0
DA:23,0
DA:24,0
DA:25,0
DA:27,0
DA:28,0
DA:29,0
DA:30,0
DA:31,0
DA:33,0
DA:34,0
DA:35,0
DA:42,0
DA:60,0
LF:20
LH:0
BRDA:23,0,0,0
BRDA:23,0,1,0
BRDA:27,1,0,0
BRDA:27,1,1,0
BRDA:29,2,0,0
BRDA:29,2,1,0
BRDA:30,3,0,0
BRDA:30,3,1,0
BRDA:33,4,0,0
BRDA:33,4,1,0
BRDA:44,5,0,0
BRDA:44,5,1,0
BRDA:52,6,0,0
BRDA:52,6,1,0
BRDA:52,7,0,0
BRDA:52,7,1,0
BRDA:66,8,0,0
BRDA:66,8,1,0
BRF:18
BRH:0
end_of_record
TN:
SF:src\common\logger.service.ts
FN:40,(anonymous_0)
FN:47,(anonymous_1)
FN:54,(anonymous_2)
FN:61,(anonymous_3)
FN:70,(anonymous_4)
FN:77,(anonymous_5)
FN:107,(anonymous_6)
FN:114,(anonymous_7)
FN:130,(anonymous_8)
FN:148,(anonymous_9)
FN:161,(anonymous_10)
FN:173,(anonymous_11)
FN:184,(anonymous_12)
FN:196,(anonymous_13)
FN:203,(anonymous_14)
FN:213,(anonymous_15)
FN:241,(anonymous_16)
FN:247,(anonymous_17)
FN:264,(anonymous_18)
FN:275,(anonymous_19)
FN:286,(anonymous_20)
FN:301,(anonymous_21)
FN:305,(anonymous_22)
FN:309,(anonymous_23)
FN:313,(anonymous_24)
FN:317,(anonymous_25)
FN:30,(anonymous_26)
FNF:27
FNH:10
FNDA:2,(anonymous_0)
FNDA:2,(anonymous_1)
FNDA:1,(anonymous_2)
FNDA:2,(anonymous_3)
FNDA:1,(anonymous_4)
FNDA:7,(anonymous_5)
FNDA:7,(anonymous_6)
FNDA:7,(anonymous_7)
FNDA:7,(anonymous_8)
FNDA:0,(anonymous_9)
FNDA:0,(anonymous_10)
FNDA:0,(anonymous_11)
FNDA:0,(anonymous_12)
FNDA:0,(anonymous_13)
FNDA:0,(anonymous_14)
FNDA:0,(anonymous_15)
FNDA:0,(anonymous_16)
FNDA:0,(anonymous_17)
FNDA:0,(anonymous_18)
FNDA:0,(anonymous_19)
FNDA:0,(anonymous_20)
FNDA:0,(anonymous_21)
FNDA:0,(anonymous_22)
FNDA:0,(anonymous_23)
FNDA:0,(anonymous_24)
FNDA:0,(anonymous_25)
FNDA:8,(anonymous_26)
DA:5,1
DA:25,8
DA:26,8
DA:27,8
DA:28,8
DA:32,8
DA:33,8
DA:41,2
DA:48,2
DA:55,1
DA:62,2
DA:63,2
DA:71,1
DA:84,7
DA:93,7
DA:96,7
DA:97,7
DA:101,7
DA:108,7
DA:115,7
DA:121,7
DA:123,7
DA:124,7
DA:131,7
DA:133,7
DA:136,7
DA:137,2
DA:141,0
DA:149,0
DA:162,0
DA:174,0
DA:185,0
DA:186,0
DA:197,0
DA:204,0
DA:214,0
DA:216,0
DA:218,0
DA:219,0
DA:225,0
DA:226,0
DA:232,0
DA:234,0
DA:242,0
DA:243,0
DA:244,0
DA:245,0
DA:247,0
DA:248,0
DA:249,0
DA:251,0
DA:252,0
DA:253,0
DA:257,0
DA:265,0
DA:266,0
DA:267,0
DA:270,0
DA:271,0
DA:273,0
DA:275,0
DA:278,0
DA:279,0
DA:293,0
DA:294,0
DA:295,0
DA:298,0
DA:299,0
DA:301,0
DA:304,0
DA:305,0
DA:308,0
DA:309,0
DA:312,0
DA:313,0
DA:316,0
DA:317,0
DA:321,0
DA:322,0
DA:325,0
DA:327,0
DA:328,0
LF:82
LH:27
BRDA:62,0,0,2
BRDA:62,0,1,0
BRDA:96,1,0,7
BRDA:96,1,1,0
BRDA:123,2,0,7
BRDA:123,2,1,0
BRDA:136,3,0,2
BRDA:136,3,1,5
BRDA:177,4,0,0
BRDA:177,4,1,0
BRDA:184,5,0,0
BRDA:185,6,0,0
BRDA:185,6,1,0
BRDA:218,7,0,0
BRDA:218,7,1,0
BRDA:225,8,0,0
BRDA:225,8,1,0
BRDA:241,9,0,0
BRDA:251,10,0,0
BRDA:251,10,1,0
BRDA:264,11,0,0
BRDA:266,12,0,0
BRDA:266,12,1,0
BRDA:294,13,0,0
BRDA:294,13,1,0
BRDA:304,14,0,0
BRDA:304,14,1,0
BRDA:308,15,0,0
BRDA:308,15,1,0
BRDA:312,16,0,0
BRDA:312,16,1,0
BRDA:316,17,0,0
BRDA:316,17,1,0
BRDA:321,18,0,0
BRDA:321,18,1,0
BRDA:32,19,0,8
BRDA:32,19,1,0
BRF:37
BRH:6
end_of_record
TN:
SF:src\common\logging.interceptor.ts
FN:15,(anonymous_0)
FN:25,(anonymous_1)
FN:29,(anonymous_2)
FN:13,(anonymous_3)
FNF:4
FNH:0
FNDA:0,(anonymous_0)
FNDA:0,(anonymous_1)
FNDA:0,(anonymous_2)
FNDA:0,(anonymous_3)
DA:13,0
DA:16,0
DA:17,0
DA:18,0
DA:21,0
DA:23,0
DA:26,0
DA:27,0
DA:30,0
DA:31,0
LF:10
LH:0
BRDA:38,0,0,0
BRDA:38,0,1,0
BRF:2
BRH:0
end_of_record
TN:
SF:src\common\logs.resolver.ts
FN:12,(anonymous_0)
FN:20,(anonymous_1)
FN:39,(anonymous_2)
FN:42,(anonymous_3)
FN:9,(anonymous_4)
FNF:5
FNH:0
FNDA:0,(anonymous_0)
FNDA:0,(anonymous_1)
FNDA:0,(anonymous_2)
FNDA:0,(anonymous_3)
FNDA:0,(anonymous_4)
DA:9,0
DA:15,0
DA:16,0
DA:27,0
DA:35,0
DA:40,0
DA:41,0
DA:42,0
DA:45,0
LF:9
LH:0
BRDA:15,0,0,0
BRDA:15,0,1,0
BRDA:30,1,0,0
BRDA:30,1,1,0
BRDA:31,2,0,0
BRDA:31,2,1,0
BRDA:32,3,0,0
BRDA:32,3,1,0
BRDA:46,4,0,0
BRDA:46,4,1,0
BRDA:51,5,0,0
BRDA:51,5,1,0
BRF:12
BRH:0
end_of_record
TN:
SF:src\errors\api-error.ts
FN:20,(anonymous_0)
FN:34,(anonymous_1)
FN:41,(anonymous_2)
FN:48,(anonymous_3)
FN:55,(anonymous_4)
FN:62,(anonymous_5)
FN:69,(anonymous_6)
FN:76,(anonymous_7)
FN:7,(anonymous_8)
FN:84,formatErrorResponse
FN:117,asyncHandler
FN:118,(anonymous_11)
FN:119,(anonymous_12)
FN:130,(anonymous_13)
FN:135,(anonymous_14)
FN:141,(anonymous_15)
FN:147,(anonymous_16)
FN:151,(anonymous_17)
FN:155,(anonymous_18)
FN:158,(anonymous_19)
FN:167,(anonymous_20)
FN:170,(anonymous_21)
FNF:22
FNH:0
FNDA:0,(anonymous_0)
FNDA:0,(anonymous_1)
FNDA:0,(anonymous_2)
FNDA:0,(anonymous_3)
FNDA:0,(anonymous_4)
FNDA:0,(anonymous_5)
FNDA:0,(anonymous_6)
FNDA:0,(anonymous_7)
FNDA:0,(anonymous_8)
FNDA:0,formatErrorResponse
FNDA:0,asyncHandler
FNDA:0,(anonymous_11)
FNDA:0,(anonymous_12)
FNDA:0,(anonymous_13)
FNDA:0,(anonymous_14)
FNDA:0,(anonymous_15)
FNDA:0,(anonymous_16)
FNDA:0,(anonymous_17)
FNDA:0,(anonymous_18)
FNDA:0,(anonymous_19)
FNDA:0,(anonymous_20)
FNDA:0,(anonymous_21)
DA:13,0
DA:14,0
DA:21,0
DA:35,0
DA:42,0
DA:49,0
DA:56,0
DA:63,0
DA:70,0
DA:77,0
DA:85,0
DA:86,0
DA:90,0
DA:91,0
DA:94,0
DA:95,0
DA:98,0
DA:99,0
DA:102,0
DA:103,0
DA:107,0
DA:118,0
DA:119,0
DA:120,0
DA:121,0
DA:131,0
DA:132,0
DA:137,0
DA:138,0
DA:143,0
DA:144,0
DA:148,0
DA:152,0
DA:156,0
DA:158,0
DA:159,0
DA:160,0
DA:164,0
DA:168,0
DA:170,0
DA:171,0
DA:173,0
DA:174,0
DA:175,0
DA:178,0
DA:179,0
DA:180,0
DA:183,0
DA:184,0
DA:187,0
DA:188,0
DA:191,0
DA:192,0
DA:195,0
DA:196,0
DA:199,0
DA:200,0
DA:203,0
DA:204,0
DA:207,0
DA:208,0
DA:213,0
LF:62
LH:0
BRDA:41,0,0,0
BRDA:48,1,0,0
BRDA:55,2,0,0
BRDA:62,3,0,0
BRDA:69,4,0,0
BRDA:76,5,0,0
BRDA:85,6,0,0
BRDA:85,6,1,0
BRDA:90,7,0,0
BRDA:90,7,1,0
BRDA:94,8,0,0
BRDA:94,8,1,0
BRDA:98,9,0,0
BRDA:98,9,1,0
BRDA:102,10,0,0
BRDA:102,10,1,0
BRDA:108,11,0,0
BRDA:108,11,1,0
BRDA:148,12,0,0
BRDA:148,12,1,0
BRDA:148,12,2,0
BRDA:152,13,0,0
BRDA:152,13,1,0
BRDA:152,13,2,0
BRDA:159,14,0,0
BRDA:159,14,1,0
BRDA:159,15,0,0
BRDA:159,15,1,0
BRDA:159,15,2,0
BRDA:173,16,0,0
BRDA:173,16,1,0
BRDA:173,17,0,0
BRDA:173,17,1,0
BRDA:173,17,2,0
BRDA:173,17,3,0
BRDA:178,18,0,0
BRDA:178,18,1,0
BRDA:178,19,0,0
BRDA:178,19,1,0
BRDA:178,19,2,0
BRDA:179,20,0,0
BRDA:179,20,1,0
BRDA:179,21,0,0
BRDA:179,21,1,0
BRDA:183,22,0,0
BRDA:183,22,1,0
BRDA:183,23,0,0
BRDA:183,23,1,0
BRDA:187,24,0,0
BRDA:187,24,1,0
BRDA:187,25,0,0
BRDA:187,25,1,0
BRDA:191,26,0,0
BRDA:191,26,1,0
BRDA:191,27,0,0
BRDA:191,27,1,0
BRDA:195,28,0,0
BRDA:195,28,1,0
BRDA:195,29,0,0
BRDA:195,29,1,0
BRDA:199,30,0,0
BRDA:199,30,1,0
BRDA:199,31,0,0
BRDA:199,31,1,0
BRDA:199,31,2,0
BRDA:203,32,0,0
BRDA:203,32,1,0
BRDA:203,33,0,0
BRDA:203,33,1,0
BRDA:203,33,2,0
BRDA:207,34,0,0
BRDA:207,34,1,0
BRDA:207,35,0,0
BRDA:207,35,1,0
BRDA:207,35,2,0
BRF:75
BRH:0
end_of_record
TN:
SF:src\errors\database-error-handler.ts
FN:19,(anonymous_0)
FN:30,(anonymous_1)
FN:129,(anonymous_2)
FN:152,(anonymous_3)
FN:175,(anonymous_4)
FN:189,(anonymous_5)
FN:206,HandleDatabaseErrors
FN:207,(anonymous_7)
FN:210,(anonymous_8)
FN:211,(anonymous_9)
FNF:10
FNH:10
FNDA:13,(anonymous_0)
FNDA:13,(anonymous_1)
FNDA:13,(anonymous_2)
FNDA:13,(anonymous_3)
FNDA:13,(anonymous_4)
FNDA:13,(anonymous_5)
FNDA:187,HandleDatabaseErrors
FNDA:187,(anonymous_7)
FNDA:55,(anonymous_8)
FNDA:55,(anonymous_9)
DA:20,55
DA:21,55
DA:23,13
DA:32,13
DA:33,13
DA:36,0
DA:43,13
DA:46,0
DA:52,0
DA:58,0
DA:64,0
DA:70,0
DA:76,0
DA:82,0
DA:89,0
DA:95,0
DA:104,0
DA:111,0
DA:119,0
DA:130,0
DA:132,0
DA:133,0
DA:135,0
DA:136,0
DA:138,0
DA:139,0
DA:141,0
DA:142,0
DA:146,0
DA:156,0
DA:157,0
DA:158,0
DA:160,0
DA:161,0
DA:162,0
DA:163,0
DA:165,0
DA:166,0
DA:168,0
DA:176,7
DA:177,16
DA:178,2
DA:190,0
DA:199,0
DA:207,187
DA:208,187
DA:210,187
DA:211,55
DA:214,187
LF:49
LH:14
BRDA:32,0,0,13
BRDA:32,0,1,0
BRDA:37,1,0,0
BRDA:37,1,1,0
BRDA:43,2,0,0
BRDA:43,2,1,0
BRDA:43,2,2,0
BRDA:43,2,3,0
BRDA:43,2,4,0
BRDA:43,2,5,0
BRDA:43,2,6,0
BRDA:43,2,7,0
BRDA:43,2,8,0
BRDA:43,2,9,0
BRDA:43,2,10,0
BRDA:43,2,11,0
BRDA:43,2,12,0
BRDA:43,2,13,0
BRDA:130,3,0,0
BRDA:130,3,1,0
BRDA:132,4,0,0
BRDA:132,4,1,0
BRDA:135,5,0,0
BRDA:135,5,1,0
BRDA:138,6,0,0
BRDA:138,6,1,0
BRDA:141,7,0,0
BRDA:141,7,1,0
BRDA:177,8,0,2
BRDA:177,8,1,14
BRDA:177,9,0,16
BRDA:177,9,1,2
BRDA:177,9,2,2
BRF:33
BRH:6
end_of_record
TN:
SF:src\errors\error-codes.ts
FN:12,(anonymous_0)
FNF:1
FNH:1
FNDA:20,(anonymous_0)
DA:1,14
DA:13,20
LF:2
LH:2
BRF:0
BRH:0
end_of_record
TN:
SF:src\errors\logging.service.ts
FN:29,(anonymous_0)
FN:47,(anonymous_1)
FN:63,(anonymous_2)
FN:79,(anonymous_3)
FN:98,(anonymous_4)
FN:104,(anonymous_5)
FN:112,(anonymous_6)
FN:118,(anonymous_7)
FN:124,(anonymous_8)
FN:133,(anonymous_9)
FN:140,(anonymous_10)
FN:141,(anonymous_11)
FN:147,(anonymous_12)
FN:148,(anonymous_13)
FN:154,(anonymous_14)
FN:160,(anonymous_15)
FN:163,(anonymous_16)
FN:168,(anonymous_17)
FN:188,(anonymous_18)
FN:197,(anonymous_19)
FN:210,(anonymous_20)
FN:221,(anonymous_21)
FN:227,(anonymous_22)
FN:232,(anonymous_23)
FN:255,(anonymous_24)
FN:269,(anonymous_25)
FN:275,LogOperation
FN:276,(anonymous_27)
FN:280,(anonymous_28)
FNF:29
FNH:0
FNDA:0,(anonymous_0)
FNDA:0,(anonymous_1)
FNDA:0,(anonymous_2)
FNDA:0,(anonymous_3)
FNDA:0,(anonymous_4)
FNDA:0,(anonymous_5)
FNDA:0,(anonymous_6)
FNDA:0,(anonymous_7)
FNDA:0,(anonymous_8)
FNDA:0,(anonymous_9)
FNDA:0,(anonymous_10)
FNDA:0,(anonymous_11)
FNDA:0,(anonymous_12)
FNDA:0,(anonymous_13)
FNDA:0,(anonymous_14)
FNDA:0,(anonymous_15)
FNDA:0,(anonymous_16)
FNDA:0,(anonymous_17)
FNDA:0,(anonymous_18)
FNDA:0,(anonymous_19)
FNDA:0,(anonymous_20)
FNDA:0,(anonymous_21)
FNDA:0,(anonymous_22)
FNDA:0,(anonymous_23)
FNDA:0,(anonymous_24)
FNDA:0,(anonymous_25)
FNDA:0,LogOperation
FNDA:0,(anonymous_27)
FNDA:0,(anonymous_28)
DA:23,0
DA:24,0
DA:30,0
DA:40,0
DA:41,0
DA:48,0
DA:56,0
DA:57,0
DA:64,0
DA:72,0
DA:73,0
DA:80,0
DA:88,0
DA:90,0
DA:91,0
DA:99,0
DA:105,0
DA:106,0
DA:107,0
DA:109,0
DA:113,0
DA:119,0
DA:125,0
DA:134,0
DA:141,0
DA:148,0
DA:160,0
DA:161,0
DA:162,0
DA:163,0
DA:165,0
DA:166,0
DA:168,0
DA:169,0
DA:170,0
DA:172,0
DA:173,0
DA:177,0
DA:189,0
DA:190,0
DA:198,0
DA:199,0
DA:210,0
DA:221,0
DA:224,0
DA:228,0
DA:229,0
DA:233,0
DA:234,0
DA:236,0
DA:238,0
DA:239,0
DA:240,0
DA:242,0
DA:244,0
DA:245,0
DA:247,0
DA:248,0
DA:250,0
DA:251,0
DA:256,0
DA:258,0
DA:259,0
DA:260,0
DA:261,0
DA:262,0
DA:264,0
DA:265,0
DA:268,0
DA:276,0
DA:277,0
DA:278,0
DA:280,0
DA:281,0
DA:283,0
DA:284,0
DA:290,0
DA:291,0
DA:293,0
DA:294,0
DA:300,0
DA:302,0
DA:303,0
DA:308,0
DA:312,0
LF:85
LH:0
BRDA:34,0,0,0
BRDA:34,0,1,0
BRDA:36,1,0,0
BRDA:36,1,1,0
BRDA:90,2,0,0
BRDA:90,2,1,0
BRDA:99,3,0,0
BRDA:99,3,1,0
BRDA:105,4,0,0
BRDA:105,4,1,0
BRDA:106,5,0,0
BRDA:106,5,1,0
BRDA:113,6,0,0
BRDA:113,6,1,0
BRDA:119,7,0,0
BRDA:119,7,1,0
BRDA:125,8,0,0
BRDA:125,8,1,0
BRDA:133,9,0,0
BRDA:169,10,0,0
BRDA:169,10,1,0
BRDA:170,11,0,0
BRDA:170,11,1,0
BRDA:172,12,0,0
BRDA:172,12,1,0
BRDA:173,13,0,0
BRDA:173,13,1,0
BRDA:189,14,0,0
BRDA:189,14,1,0
BRDA:197,15,0,0
BRDA:198,16,0,0
BRDA:198,16,1,0
BRDA:214,17,0,0
BRDA:214,17,1,0
BRDA:215,18,0,0
BRDA:215,18,1,0
BRDA:216,19,0,0
BRDA:216,19,1,0
BRDA:217,20,0,0
BRDA:217,20,1,0
BRDA:218,21,0,0
BRDA:218,21,1,0
BRDA:236,22,0,0
BRDA:236,22,1,0
BRDA:236,22,2,0
BRDA:236,22,3,0
BRDA:239,23,0,0
BRDA:239,23,1,0
BRDA:258,24,0,0
BRDA:258,24,1,0
BRDA:259,25,0,0
BRDA:259,25,1,0
BRDA:260,26,0,0
BRDA:260,26,1,0
BRDA:261,27,0,0
BRDA:261,27,1,0
BRDA:262,28,0,0
BRDA:262,28,1,0
BRDA:264,29,0,0
BRDA:264,29,1,0
BRDA:264,30,0,0
BRDA:264,30,1,0
BRDA:268,31,0,0
BRDA:268,31,1,0
BRDA:278,32,0,0
BRDA:278,32,1,0
BRDA:281,33,0,0
BRDA:281,33,1,0
BRDA:283,34,0,0
BRDA:283,34,1,0
BRDA:293,35,0,0
BRDA:293,35,1,0
BRDA:302,36,0,0
BRDA:302,36,1,0
BRF:74
BRH:0
end_of_record
TN:
SF:src\inventory\category.resolver.ts
FN:15,(anonymous_0)
FN:20,(anonymous_1)
FN:26,(anonymous_2)
FN:32,(anonymous_3)
FN:38,(anonymous_4)
FN:39,(anonymous_5)
FN:44,(anonymous_6)
FN:11,(anonymous_7)
FN:9,(anonymous_8)
FNF:9
FNH:9
FNDA:1,(anonymous_0)
FNDA:1,(anonymous_1)
FNDA:1,(anonymous_2)
FNDA:1,(anonymous_3)
FNDA:1,(anonymous_4)
FNDA:1,(anonymous_5)
FNDA:1,(anonymous_6)
FNDA:6,(anonymous_7)
FNDA:2,(anonymous_8)
DA:9,2
DA:11,6
DA:16,1
DA:21,1
DA:27,1
DA:33,1
DA:39,1
DA:45,1
LF:8
LH:8
BRF:0
BRH:0
end_of_record
TN:
SF:src\inventory\inventory-transaction.resolver.ts
FN:24,(anonymous_0)
FN:33,(anonymous_1)
FN:39,(anonymous_2)
FN:40,(anonymous_3)
FN:45,(anonymous_4)
FN:51,(anonymous_5)
FN:59,(anonymous_6)
FN:68,(anonymous_7)
FN:77,(anonymous_8)
FN:86,(anonymous_9)
FN:95,(anonymous_10)
FN:104,(anonymous_11)
FN:115,(anonymous_12)
FN:124,(anonymous_13)
FN:132,(anonymous_14)
FN:138,(anonymous_15)
FN:146,(anonymous_16)
FN:20,(anonymous_17)
FN:18,(anonymous_18)
FNF:19
FNH:0
FNDA:0,(anonymous_0)
FNDA:0,(anonymous_1)
FNDA:0,(anonymous_2)
FNDA:0,(anonymous_3)
FNDA:0,(anonymous_4)
FNDA:0,(anonymous_5)
FNDA:0,(anonymous_6)
FNDA:0,(anonymous_7)
FNDA:0,(anonymous_8)
FNDA:0,(anonymous_9)
FNDA:0,(anonymous_10)
FNDA:0,(anonymous_11)
FNDA:0,(anonymous_12)
FNDA:0,(anonymous_13)
FNDA:0,(anonymous_14)
FNDA:0,(anonymous_15)
FNDA:0,(anonymous_16)
FNDA:0,(anonymous_17)
FNDA:0,(anonymous_18)
DA:18,0
DA:20,0
DA:28,0
DA:34,0
DA:40,0
DA:46,0
DA:52,0
DA:63,0
DA:72,0
DA:81,0
DA:90,0
DA:99,0
DA:108,0
DA:119,0
DA:127,0
DA:133,0
DA:141,0
DA:150,0
LF:18
LH:0
BRF:0
BRH:0
end_of_record
TN:
SF:src\inventory\inventory.service.ts
FN:47,(anonymous_0)
FN:86,(anonymous_1)
FN:122,(anonymous_2)
FN:135,(anonymous_3)
FN:139,(anonymous_4)
FN:143,(anonymous_5)
FN:147,(anonymous_6)
FN:155,(anonymous_7)
FN:160,(anonymous_8)
FN:164,(anonymous_9)
FN:168,(anonymous_10)
FN:172,(anonymous_11)
FN:177,(anonymous_12)
FN:182,(anonymous_13)
FN:186,(anonymous_14)
FN:195,(anonymous_15)
FN:222,(anonymous_16)
FN:226,(anonymous_17)
FN:230,(anonymous_18)
FN:237,(anonymous_19)
FN:244,(anonymous_20)
FN:253,(anonymous_21)
FN:263,(anonymous_22)
FN:280,(anonymous_23)
FN:298,(anonymous_24)
FN:331,(anonymous_25)
FN:342,(anonymous_26)
FN:352,(anonymous_27)
FN:377,(anonymous_28)
FN:389,(anonymous_29)
FN:396,(anonymous_30)
FN:435,(anonymous_31)
FN:494,(anonymous_32)
FN:534,(anonymous_33)
FN:590,(anonymous_34)
FN:626,(anonymous_35)
FN:664,(anonymous_36)
FN:673,(anonymous_37)
FN:685,(anonymous_38)
FN:703,(anonymous_39)
FN:704,(anonymous_40)
FN:709,(anonymous_41)
FN:718,(anonymous_42)
FN:750,(anonymous_43)
FN:31,(anonymous_44)
FNF:45
FNH:33
FNDA:3,(anonymous_0)
FNDA:3,(anonymous_1)
FNDA:3,(anonymous_2)
FNDA:1,(anonymous_3)
FNDA:1,(anonymous_4)
FNDA:1,(anonymous_5)
FNDA:1,(anonymous_6)
FNDA:1,(anonymous_7)
FNDA:1,(anonymous_8)
FNDA:1,(anonymous_9)
FNDA:1,(anonymous_10)
FNDA:1,(anonymous_11)
FNDA:1,(anonymous_12)
FNDA:1,(anonymous_13)
FNDA:1,(anonymous_14)
FNDA:5,(anonymous_15)
FNDA:1,(anonymous_16)
FNDA:1,(anonymous_17)
FNDA:1,(anonymous_18)
FNDA:1,(anonymous_19)
FNDA:1,(anonymous_20)
FNDA:25,(anonymous_21)
FNDA:2,(anonymous_22)
FNDA:1,(anonymous_23)
FNDA:2,(anonymous_24)
FNDA:10,(anonymous_25)
FNDA:9,(anonymous_26)
FNDA:5,(anonymous_27)
FNDA:1,(anonymous_28)
FNDA:1,(anonymous_29)
FNDA:5,(anonymous_30)
FNDA:0,(anonymous_31)
FNDA:0,(anonymous_32)
FNDA:2,(anonymous_33)
FNDA:0,(anonymous_34)
FNDA:0,(anonymous_35)
FNDA:0,(anonymous_36)
FNDA:0,(anonymous_37)
FNDA:0,(anonymous_38)
FNDA:0,(anonymous_39)
FNDA:0,(anonymous_40)
FNDA:0,(anonymous_41)
FNDA:0,(anonymous_42)
FNDA:0,(anonymous_43)
FNDA:42,(anonymous_44)
DA:33,42
DA:35,42
DA:37,42
DA:39,42
DA:40,42
DA:41,42
DA:42,42
DA:49,3
DA:51,3
DA:55,3
DA:58,3
DA:59,1
DA:70,3
DA:71,1
DA:82,3
DA:88,3
DA:90,3
DA:91,1
DA:95,2
DA:96,1
DA:107,2
DA:108,1
DA:120,2
DA:121,2
DA:122,2
DA:123,3
DA:124,3
DA:128,2
DA:129,2
DA:132,2
DA:136,1
DA:140,1
DA:144,1
DA:148,1
DA:156,1
DA:157,1
DA:161,1
DA:165,1
DA:169,1
DA:173,1
DA:178,1
DA:179,1
DA:183,1
DA:187,1
DA:197,5
DA:198,5
DA:199,2
DA:202,5
DA:209,5
DA:212,5
DA:213,5
DA:215,5
DA:216,3
DA:219,5
DA:223,1
DA:227,1
DA:231,1
DA:238,1
DA:245,1
DA:254,25
DA:260,25
DA:264,2
DA:265,2
DA:267,2
DA:268,4
DA:269,4
DA:270,3
DA:277,2
DA:281,1
DA:282,1
DA:283,1
DA:284,1
DA:285,1
DA:287,1
DA:299,2
DA:300,2
DA:301,2
DA:302,2
DA:304,2
DA:305,4
DA:306,4
DA:307,4
DA:308,4
DA:310,4
DA:311,4
DA:315,4
DA:316,4
DA:317,4
DA:322,2
DA:332,10
DA:337,10
DA:339,8
DA:340,8
DA:342,8
DA:343,9
DA:344,9
DA:345,9
DA:349,8
DA:353,5
DA:354,5
DA:356,4
DA:357,4
DA:359,4
DA:378,1
DA:379,1
DA:381,1
DA:382,3
DA:383,3
DA:384,2
DA:388,1
DA:389,1
DA:398,5
DA:399,5
DA:400,1
DA:403,4
DA:404,4
DA:406,4
DA:407,1
DA:413,3
DA:424,5
DA:427,3
DA:428,1
DA:431,3
DA:437,0
DA:438,0
DA:439,0
DA:443,0
DA:444,0
DA:445,0
DA:452,0
DA:464,0
DA:467,0
DA:480,0
DA:483,0
DA:487,0
DA:496,0
DA:497,0
DA:498,0
DA:501,0
DA:506,0
DA:507,0
DA:508,0
DA:509,0
DA:516,0
DA:530,0
DA:536,2
DA:537,2
DA:538,0
DA:542,2
DA:543,2
DA:544,0
DA:550,2
DA:552,2
DA:565,2
DA:568,2
DA:569,2
DA:570,2
DA:571,2
DA:572,1
DA:581,2
DA:582,2
DA:583,2
DA:586,2
DA:592,0
DA:593,0
DA:594,0
DA:598,0
DA:599,0
DA:600,0
DA:602,0
DA:603,0
DA:609,0
DA:611,0
DA:622,0
DA:628,0
DA:633,0
DA:634,0
DA:638,0
DA:643,0
DA:644,0
DA:648,0
DA:659,0
DA:665,0
DA:672,0
DA:673,0
DA:674,0
DA:675,0
DA:677,0
DA:678,0
DA:682,0
DA:686,0
DA:694,0
DA:702,0
DA:703,0
DA:704,0
DA:706,0
DA:710,0
DA:719,0
DA:724,0
DA:725,0
DA:728,0
DA:735,0
DA:736,0
DA:737,0
DA:742,0
DA:743,0
DA:747,0
DA:751,0
DA:752,0
LF:209
LH:139
BRDA:53,0,0,3
BRDA:53,0,1,2
BRDA:58,1,0,1
BRDA:58,1,1,2
BRDA:58,2,0,3
BRDA:58,2,1,1
BRDA:66,3,0,1
BRDA:66,3,1,1
BRDA:70,4,0,1
BRDA:70,4,1,2
BRDA:70,5,0,3
BRDA:70,5,1,1
BRDA:78,6,0,1
BRDA:78,6,1,1
BRDA:90,7,0,1
BRDA:90,7,1,2
BRDA:95,8,0,1
BRDA:95,8,1,1
BRDA:95,9,0,2
BRDA:95,9,1,1
BRDA:99,10,0,1
BRDA:99,10,1,0
BRDA:103,11,0,1
BRDA:103,11,1,1
BRDA:103,11,2,0
BRDA:107,12,0,1
BRDA:107,12,1,1
BRDA:107,13,0,2
BRDA:107,13,1,1
BRDA:111,14,0,1
BRDA:111,14,1,0
BRDA:115,15,0,1
BRDA:115,15,1,1
BRDA:115,15,2,0
BRDA:123,16,0,3
BRDA:123,16,1,0
BRDA:128,17,0,2
BRDA:128,17,1,0
BRDA:198,18,0,2
BRDA:198,18,1,3
BRDA:198,19,0,5
BRDA:198,19,1,5
BRDA:198,19,2,2
BRDA:215,20,0,3
BRDA:215,20,1,2
BRDA:215,21,0,5
BRDA:215,21,1,5
BRDA:215,22,0,5
BRDA:215,22,1,0
BRDA:260,23,0,25
BRDA:260,23,1,2
BRDA:269,24,0,3
BRDA:269,24,1,1
BRDA:306,25,0,4
BRDA:306,25,1,0
BRDA:307,26,0,4
BRDA:307,26,1,0
BRDA:310,27,0,4
BRDA:310,27,1,0
BRDA:316,28,0,4
BRDA:316,28,1,0
BRDA:337,29,0,2
BRDA:337,29,1,8
BRDA:343,30,0,9
BRDA:343,30,1,0
BRDA:343,31,0,9
BRDA:343,31,1,9
BRDA:349,32,0,8
BRDA:349,32,1,0
BRDA:354,33,0,1
BRDA:354,33,1,4
BRDA:363,34,0,4
BRDA:363,34,1,0
BRDA:364,35,0,5
BRDA:364,35,1,0
BRDA:366,36,0,4
BRDA:366,36,1,0
BRDA:366,37,0,5
BRDA:366,37,1,4
BRDA:369,38,0,3
BRDA:369,38,1,1
BRDA:369,39,0,5
BRDA:369,39,1,4
BRDA:372,40,0,5
BRDA:372,40,1,0
BRDA:373,41,0,5
BRDA:373,41,1,0
BRDA:377,42,0,1
BRDA:383,43,0,2
BRDA:383,43,1,1
BRDA:383,44,0,3
BRDA:383,44,1,3
BRDA:399,45,0,1
BRDA:399,45,1,4
BRDA:406,46,0,1
BRDA:406,46,1,3
BRDA:417,47,0,1
BRDA:417,47,1,2
BRDA:419,48,0,5
BRDA:419,48,1,1
BRDA:427,49,0,1
BRDA:427,49,1,2
BRDA:427,50,0,3
BRDA:427,50,1,0
BRDA:438,51,0,0
BRDA:438,51,1,0
BRDA:444,52,0,0
BRDA:444,52,1,0
BRDA:497,53,0,0
BRDA:497,53,1,0
BRDA:501,54,0,0
BRDA:501,54,1,0
BRDA:506,55,0,0
BRDA:506,55,1,0
BRDA:508,56,0,0
BRDA:508,56,1,0
BRDA:537,57,0,0
BRDA:537,57,1,2
BRDA:543,58,0,0
BRDA:543,58,1,2
BRDA:550,59,0,1
BRDA:550,59,1,1
BRDA:559,60,0,0
BRDA:559,60,1,2
BRDA:568,61,0,2
BRDA:568,61,1,0
BRDA:568,61,2,0
BRDA:569,62,0,0
BRDA:569,62,1,2
BRDA:569,63,0,2
BRDA:569,63,1,2
BRDA:570,64,0,0
BRDA:570,64,1,2
BRDA:571,65,0,1
BRDA:571,65,1,1
BRDA:582,66,0,2
BRDA:582,66,1,0
BRDA:582,67,0,2
BRDA:582,67,1,0
BRDA:593,68,0,0
BRDA:593,68,1,0
BRDA:602,69,0,0
BRDA:602,69,1,0
BRDA:609,70,0,0
BRDA:609,70,1,0
BRDA:619,71,0,0
BRDA:619,71,1,0
BRDA:619,72,0,0
BRDA:619,72,1,0
BRDA:633,73,0,0
BRDA:633,73,1,0
BRDA:643,74,0,0
BRDA:643,74,1,0
BRDA:674,75,0,0
BRDA:674,75,1,0
BRDA:677,76,0,0
BRDA:677,76,1,0
BRDA:709,77,0,0
BRDA:724,78,0,0
BRDA:724,78,1,0
BRDA:742,79,0,0
BRDA:742,79,1,0
BRF:162
BRH:99
end_of_record
TN:
SF:src\inventory\price-history.resolver.ts
FN:11,(anonymous_0)
FN:18,(anonymous_1)
FN:25,(anonymous_2)
FN:33,(anonymous_3)
FN:41,(anonymous_4)
FN:8,(anonymous_5)
FN:6,(anonymous_6)
FNF:7
FNH:0
FNDA:0,(anonymous_0)
FNDA:0,(anonymous_1)
FNDA:0,(anonymous_2)
FNDA:0,(anonymous_3)
FNDA:0,(anonymous_4)
FNDA:0,(anonymous_5)
FNDA:0,(anonymous_6)
DA:6,0
DA:8,0
DA:14,0
DA:21,0
DA:29,0
DA:37,0
DA:45,0
DA:46,0
LF:8
LH:0
BRF:0
BRH:0
end_of_record
TN:
SF:src\inventory\price-history.service.ts
FN:14,(anonymous_0)
FN:19,(anonymous_1)
FN:27,(anonymous_2)
FN:35,(anonymous_3)
FN:43,(anonymous_4)
FN:65,(anonymous_5)
FN:75,(anonymous_6)
FN:78,(anonymous_7)
FN:9,(anonymous_8)
FNF:9
FNH:9
FNDA:1,(anonymous_0)
FNDA:2,(anonymous_1)
FNDA:3,(anonymous_2)
FNDA:2,(anonymous_3)
FNDA:4,(anonymous_4)
FNDA:4,(anonymous_5)
FNDA:8,(anonymous_6)
FNDA:8,(anonymous_7)
FNDA:16,(anonymous_8)
DA:11,16
DA:15,1
DA:16,1
DA:20,2
DA:28,3
DA:36,2
DA:52,4
DA:62,4
DA:66,4
DA:71,4
DA:72,1
DA:75,8
DA:76,3
DA:77,3
DA:78,8
DA:79,3
DA:81,3
LF:17
LH:17
BRDA:50,0,0,4
BRDA:71,1,0,1
BRDA:71,1,1,3
BRF:3
BRH:3
end_of_record
TN:
SF:src\inventory\product-note.resolver.ts
FN:15,(anonymous_0)
FN:24,(anonymous_1)
FN:25,(anonymous_2)
FN:30,(anonymous_3)
FN:11,(anonymous_4)
FN:9,(anonymous_5)
FNF:6
FNH:0
FNDA:0,(anonymous_0)
FNDA:0,(anonymous_1)
FNDA:0,(anonymous_2)
FNDA:0,(anonymous_3)
FNDA:0,(anonymous_4)
FNDA:0,(anonymous_5)
DA:9,0
DA:11,0
DA:19,0
DA:25,0
DA:31,0
LF:5
LH:0
BRF:0
BRH:0
end_of_record
TN:
SF:src\inventory\product.resolver.ts
FN:15,(anonymous_0)
FN:21,(anonymous_1)
FN:27,(anonymous_2)
FN:28,(anonymous_3)
FN:33,(anonymous_4)
FN:39,(anonymous_5)
FN:45,(anonymous_6)
FN:52,(anonymous_7)
FN:59,(anonymous_8)
FN:11,(anonymous_9)
FN:9,(anonymous_10)
FNF:11
FNH:11
FNDA:1,(anonymous_0)
FNDA:1,(anonymous_1)
FNDA:1,(anonymous_2)
FNDA:1,(anonymous_3)
FNDA:1,(anonymous_4)
FNDA:1,(anonymous_5)
FNDA:1,(anonymous_6)
FNDA:1,(anonymous_7)
FNDA:1,(anonymous_8)
FNDA:9,(anonymous_9)
FNDA:2,(anonymous_10)
DA:9,2
DA:11,9
DA:16,1
DA:22,1
DA:28,1
DA:34,1
DA:40,1
DA:46,1
DA:47,1
DA:53,1
DA:54,1
DA:60,1
DA:61,1
LF:13
LH:13
BRF:0
BRH:0
end_of_record
TN:
SF:src\notifications\notifications.resolver.ts
FN:12,(anonymous_0)
FN:8,(anonymous_1)
FNF:2
FNH:0
FNDA:0,(anonymous_0)
FNDA:0,(anonymous_1)
DA:8,0
DA:13,0
DA:14,0
DA:15,0
LF:4
LH:0
BRDA:13,0,0,0
BRDA:13,0,1,0
BRDA:13,1,0,0
BRDA:13,1,1,0
BRF:4
BRH:0
end_of_record
TN:
SF:src\notifications\notifications.service.ts
FN:16,(anonymous_0)
FN:31,(anonymous_1)
FN:37,(anonymous_2)
FN:45,(anonymous_3)
FN:61,(anonymous_4)
FN:11,(anonymous_5)
FNF:6
FNH:4
FNDA:0,(anonymous_0)
FNDA:0,(anonymous_1)
FNDA:2,(anonymous_2)
FNDA:2,(anonymous_3)
FNDA:6,(anonymous_4)
FNDA:10,(anonymous_5)
DA:9,10
DA:13,10
DA:17,0
DA:18,0
DA:19,0
DA:20,0
DA:22,0
DA:23,0
DA:24,0
DA:25,0
DA:27,0
DA:29,0
DA:30,0
DA:31,0
DA:33,0
DA:38,2
DA:39,2
DA:40,2
DA:41,1
DA:46,2
DA:47,0
DA:54,0
DA:55,0
DA:57,0
DA:62,6
DA:63,0
DA:64,0
DA:80,6
DA:81,6
DA:83,0
LF:30
LH:10
BRDA:17,0,0,0
BRDA:17,0,1,0
BRDA:22,1,0,0
BRDA:22,1,1,0
BRDA:24,2,0,0
BRDA:24,2,1,0
BRDA:40,3,0,1
BRDA:40,3,1,1
BRDA:46,4,0,2
BRDA:46,4,1,0
BRDA:62,5,0,6
BRDA:62,5,1,0
BRDA:67,6,0,0
BRDA:67,6,1,0
BRDA:67,7,0,6
BRDA:67,7,1,0
BRDA:76,8,0,6
BRDA:76,8,1,0
BRF:18
BRH:6
end_of_record
TN:
SF:src\reports\export.service.ts
FN:15,(anonymous_0)
FN:46,(anonymous_1)
FN:61,(anonymous_2)
FN:62,(anonymous_3)
FN:84,(anonymous_4)
FN:101,(anonymous_5)
FN:102,(anonymous_6)
FN:120,(anonymous_7)
FN:139,(anonymous_8)
FN:195,(anonymous_9)
FN:201,(anonymous_10)
FN:206,(anonymous_11)
FN:208,(anonymous_12)
FN:221,(anonymous_13)
FN:227,(anonymous_14)
FN:235,(anonymous_15)
FN:245,(anonymous_16)
FN:256,(anonymous_17)
FN:259,(anonymous_18)
FN:263,(anonymous_19)
FN:296,(anonymous_20)
FN:311,(anonymous_21)
FNF:22
FNH:22
FNDA:25,(anonymous_0)
FNDA:9,(anonymous_1)
FNDA:11,(anonymous_2)
FNDA:31,(anonymous_3)
FNDA:4,(anonymous_4)
FNDA:5,(anonymous_5)
FNDA:14,(anonymous_6)
FNDA:10,(anonymous_7)
FNDA:10,(anonymous_8)
FNDA:11,(anonymous_9)
FNDA:25,(anonymous_10)
FNDA:14,(anonymous_11)
FNDA:33,(anonymous_12)
FNDA:1,(anonymous_13)
FNDA:2,(anonymous_14)
FNDA:1,(anonymous_15)
FNDA:1,(anonymous_16)
FNDA:29,(anonymous_17)
FNDA:29,(anonymous_18)
FNDA:35,(anonymous_19)
FNDA:33,(anonymous_20)
FNDA:10,(anonymous_21)
DA:16,25
DA:17,25
DA:19,25
DA:21,9
DA:22,6
DA:24,4
DA:25,3
DA:27,10
DA:28,10
DA:30,2
DA:36,6
DA:37,6
DA:39,0
DA:47,9
DA:48,2
DA:54,7
DA:56,7
DA:59,7
DA:61,7
DA:62,11
DA:63,31
DA:65,31
DA:66,2
DA:68,29
DA:70,11
DA:73,7
DA:74,7
DA:75,7
DA:77,1
DA:88,4
DA:89,1
DA:95,3
DA:96,3
DA:99,3
DA:101,3
DA:102,5
DA:103,14
DA:104,14
DA:106,5
DA:109,3
DA:110,3
DA:111,3
DA:113,0
DA:121,10
DA:125,10
DA:128,10
DA:129,10
DA:130,10
DA:132,0
DA:140,10
DA:160,10
DA:176,10
DA:177,9
DA:178,1
DA:179,1
DA:182,10
DA:192,10
DA:196,11
DA:198,11
DA:200,11
DA:201,11
DA:202,25
DA:204,11
DA:206,11
DA:207,14
DA:208,14
DA:209,33
DA:210,33
DA:211,33
DA:212,33
DA:214,14
DA:217,11
DA:218,11
DA:222,1
DA:225,1
DA:226,1
DA:227,1
DA:228,2
DA:230,1
DA:233,1
DA:234,1
DA:235,1
DA:236,1
DA:237,1
DA:238,1
DA:243,1
DA:244,1
DA:245,1
DA:246,1
DA:247,1
DA:248,1
DA:253,1
DA:257,29
DA:259,29
DA:264,35
DA:267,35
DA:268,9
DA:269,9
DA:277,26
DA:278,2
DA:279,2
DA:284,24
DA:285,10
DA:289,14
DA:290,0
DA:293,14
DA:297,33
DA:299,33
DA:300,19
DA:302,19
DA:303,3
DA:304,1
DA:308,33
DA:312,10
DA:313,9
DA:314,9
DA:315,9
DA:316,8
DA:317,7
DA:318,7
DA:320,7
DA:321,1
DA:322,1
DA:324,0
LF:124
LH:119
BRDA:17,0,0,25
BRDA:17,0,1,22
BRDA:19,1,0,9
BRDA:19,1,1,4
BRDA:19,1,2,10
BRDA:19,1,3,2
BRDA:27,2,0,10
BRDA:27,2,1,7
BRDA:36,3,0,6
BRDA:36,3,1,0
BRDA:47,4,0,2
BRDA:47,4,1,7
BRDA:47,5,0,9
BRDA:47,5,1,8
BRDA:65,6,0,2
BRDA:65,6,1,29
BRDA:65,7,0,31
BRDA:65,7,1,12
BRDA:65,7,2,11
BRDA:68,8,0,27
BRDA:68,8,1,2
BRDA:68,9,0,29
BRDA:68,9,1,28
BRDA:88,10,0,1
BRDA:88,10,1,3
BRDA:88,11,0,4
BRDA:88,11,1,4
BRDA:104,12,0,13
BRDA:104,12,1,1
BRDA:104,13,0,14
BRDA:104,13,1,13
BRDA:176,14,0,9
BRDA:176,14,1,1
BRDA:178,15,0,1
BRDA:178,15,1,0
BRDA:196,16,0,0
BRDA:196,16,1,11
BRDA:225,17,0,1
BRDA:225,17,1,0
BRDA:233,18,0,1
BRDA:233,18,1,0
BRDA:236,19,0,1
BRDA:236,19,1,0
BRDA:236,20,0,1
BRDA:236,20,1,1
BRDA:243,21,0,1
BRDA:243,21,1,0
BRDA:246,22,0,1
BRDA:246,22,1,0
BRDA:246,23,0,1
BRDA:246,23,1,1
BRDA:264,24,0,0
BRDA:264,24,1,35
BRDA:264,25,0,35
BRDA:264,25,1,35
BRDA:267,26,0,9
BRDA:267,26,1,26
BRDA:267,27,0,35
BRDA:267,27,1,30
BRDA:267,27,2,30
BRDA:267,27,3,28
BRDA:267,27,4,26
BRDA:268,28,0,9
BRDA:268,28,1,0
BRDA:277,29,0,2
BRDA:277,29,1,24
BRDA:277,30,0,26
BRDA:277,30,1,25
BRDA:278,31,0,2
BRDA:278,31,1,0
BRDA:284,32,0,10
BRDA:284,32,1,14
BRDA:289,33,0,0
BRDA:289,33,1,14
BRDA:299,34,0,19
BRDA:299,34,1,14
BRDA:302,35,0,3
BRDA:302,35,1,16
BRDA:302,36,0,19
BRDA:302,36,1,17
BRDA:303,37,0,2
BRDA:303,37,1,1
BRDA:304,38,0,1
BRDA:304,38,1,0
BRDA:312,39,0,9
BRDA:312,39,1,1
BRDA:313,40,0,9
BRDA:313,40,1,0
BRDA:315,41,0,1
BRDA:315,41,1,8
BRDA:316,42,0,1
BRDA:316,42,1,7
BRDA:317,43,0,0
BRDA:317,43,1,7
BRDA:318,44,0,0
BRDA:318,44,1,7
BRDA:321,45,0,1
BRDA:321,45,1,0
BRF:98
BRH:81
end_of_record
TN:
SF:src\reports\reports.controller.ts
FN:16,(anonymous_0)
FN:39,(anonymous_1)
FN:62,(anonymous_2)
FN:78,(anonymous_3)
FN:101,(anonymous_4)
FN:148,(anonymous_5)
FN:175,(anonymous_6)
FN:177,(anonymous_7)
FN:179,(anonymous_8)
FN:181,(anonymous_9)
FN:189,(anonymous_10)
FN:193,(anonymous_11)
FN:194,(anonymous_12)
FN:195,(anonymous_13)
FN:10,(anonymous_14)
FNF:15
FNH:0
FNDA:0,(anonymous_0)
FNDA:0,(anonymous_1)
FNDA:0,(anonymous_2)
FNDA:0,(anonymous_3)
FNDA:0,(anonymous_4)
FNDA:0,(anonymous_5)
FNDA:0,(anonymous_6)
FNDA:0,(anonymous_7)
FNDA:0,(anonymous_8)
FNDA:0,(anonymous_9)
FNDA:0,(anonymous_10)
FNDA:0,(anonymous_11)
FNDA:0,(anonymous_12)
FNDA:0,(anonymous_13)
FNDA:0,(anonymous_14)
DA:11,0
DA:12,0
DA:22,0
DA:27,0
DA:29,0
DA:35,0
DA:45,0
DA:50,0
DA:52,0
DA:58,0
DA:66,0
DA:68,0
DA:74,0
DA:84,0
DA:89,0
DA:91,0
DA:97,0
DA:107,0
DA:112,0
DA:115,0
DA:138,0
DA:144,0
DA:153,0
DA:154,0
DA:155,0
DA:157,0
DA:165,0
DA:173,0
DA:175,0
DA:177,0
DA:179,0
DA:181,0
DA:189,0
DA:193,0
DA:194,0
DA:195,0
DA:199,0
DA:205,0
LF:38
LH:0
BRDA:17,0,0,0
BRDA:22,1,0,0
BRDA:22,1,1,0
BRDA:22,2,0,0
BRDA:22,2,1,0
BRDA:40,3,0,0
BRDA:45,4,0,0
BRDA:45,4,1,0
BRDA:45,5,0,0
BRDA:45,5,1,0
BRDA:63,6,0,0
BRDA:79,7,0,0
BRDA:84,8,0,0
BRDA:84,8,1,0
BRDA:84,9,0,0
BRDA:84,9,1,0
BRDA:102,10,0,0
BRDA:107,11,0,0
BRDA:107,11,1,0
BRDA:107,12,0,0
BRDA:107,12,1,0
BRDA:149,13,0,0
BRDA:150,14,0,0
BRDA:178,15,0,0
BRDA:178,15,1,0
BRDA:182,16,0,0
BRDA:182,16,1,0
BRF:27
BRH:0
end_of_record
TN:
SF:src\reports\reports.resolver.ts
FN:12,(anonymous_0)
FN:27,(anonymous_1)
FN:42,(anonymous_2)
FN:49,(anonymous_3)
FN:64,(anonymous_4)
FN:79,(anonymous_5)
FN:104,(anonymous_6)
FN:106,(anonymous_7)
FN:108,(anonymous_8)
FN:110,(anonymous_9)
FN:112,(anonymous_10)
FN:118,(anonymous_11)
FN:122,(anonymous_12)
FN:123,(anonymous_13)
FN:124,(anonymous_14)
FN:8,(anonymous_15)
FNF:16
FNH:0
FNDA:0,(anonymous_0)
FNDA:0,(anonymous_1)
FNDA:0,(anonymous_2)
FNDA:0,(anonymous_3)
FNDA:0,(anonymous_4)
FNDA:0,(anonymous_5)
FNDA:0,(anonymous_6)
FNDA:0,(anonymous_7)
FNDA:0,(anonymous_8)
FNDA:0,(anonymous_9)
FNDA:0,(anonymous_10)
FNDA:0,(anonymous_11)
FNDA:0,(anonymous_12)
FNDA:0,(anonymous_13)
FNDA:0,(anonymous_14)
FNDA:0,(anonymous_15)
DA:8,0
DA:16,0
DA:21,0
DA:22,0
DA:31,0
DA:36,0
DA:37,0
DA:43,0
DA:44,0
DA:53,0
DA:58,0
DA:59,0
DA:68,0
DA:73,0
DA:74,0
DA:82,0
DA:83,0
DA:84,0
DA:86,0
DA:94,0
DA:102,0
DA:104,0
DA:106,0
DA:108,0
DA:110,0
DA:112,0
DA:118,0
DA:122,0
DA:123,0
DA:124,0
DA:132,0
LF:31
LH:0
BRDA:16,0,0,0
BRDA:16,0,1,0
BRDA:16,1,0,0
BRDA:16,1,1,0
BRDA:31,2,0,0
BRDA:31,2,1,0
BRDA:31,3,0,0
BRDA:31,3,1,0
BRDA:53,4,0,0
BRDA:53,4,1,0
BRDA:53,5,0,0
BRDA:53,5,1,0
BRDA:68,6,0,0
BRDA:68,6,1,0
BRDA:68,7,0,0
BRDA:68,7,1,0
BRDA:107,8,0,0
BRDA:107,8,1,0
BRDA:111,9,0,0
BRDA:111,9,1,0
BRF:20
BRH:0
end_of_record
TN:
SF:src\reports\reports.service.ts
FN:103,(anonymous_0)
FN:119,(anonymous_1)
FN:120,(anonymous_2)
FN:126,(anonymous_3)
FN:127,(anonymous_4)
FN:146,(anonymous_5)
FN:149,(anonymous_6)
FN:165,(anonymous_7)
FN:165,(anonymous_8)
FN:166,(anonymous_9)
FN:166,(anonymous_10)
FN:175,(anonymous_11)
FN:179,(anonymous_12)
FN:180,(anonymous_13)
FN:199,(anonymous_14)
FN:202,(anonymous_15)
FN:236,(anonymous_16)
FN:237,(anonymous_17)
FN:240,(anonymous_18)
FN:265,(anonymous_19)
FN:267,(anonymous_20)
FN:275,(anonymous_21)
FN:312,(anonymous_22)
FN:315,(anonymous_23)
FN:328,(anonymous_24)
FN:329,(anonymous_25)
FN:332,(anonymous_26)
FN:333,(anonymous_27)
FN:335,(anonymous_28)
FN:343,(anonymous_29)
FN:354,(anonymous_30)
FN:360,(anonymous_31)
FN:379,(anonymous_32)
FN:389,(anonymous_33)
FN:395,(anonymous_34)
FN:411,(anonymous_35)
FN:423,(anonymous_36)
FN:431,(anonymous_37)
FN:444,(anonymous_38)
FN:452,(anonymous_39)
FN:92,(anonymous_40)
FNF:41
FNH:33
FNDA:1,(anonymous_0)
FNDA:1,(anonymous_1)
FNDA:1,(anonymous_2)
FNDA:1,(anonymous_3)
FNDA:1,(anonymous_4)
FNDA:0,(anonymous_5)
FNDA:1,(anonymous_6)
FNDA:2,(anonymous_7)
FNDA:1,(anonymous_8)
FNDA:2,(anonymous_9)
FNDA:1,(anonymous_10)
FNDA:2,(anonymous_11)
FNDA:1,(anonymous_12)
FNDA:1,(anonymous_13)
FNDA:0,(anonymous_14)
FNDA:1,(anonymous_15)
FNDA:1,(anonymous_16)
FNDA:0,(anonymous_17)
FNDA:1,(anonymous_18)
FNDA:0,(anonymous_19)
FNDA:0,(anonymous_20)
FNDA:0,(anonymous_21)
FNDA:0,(anonymous_22)
FNDA:1,(anonymous_23)
FNDA:2,(anonymous_24)
FNDA:1,(anonymous_25)
FNDA:2,(anonymous_26)
FNDA:1,(anonymous_27)
FNDA:2,(anonymous_28)
FNDA:2,(anonymous_29)
FNDA:1,(anonymous_30)
FNDA:0,(anonymous_31)
FNDA:2,(anonymous_32)
FNDA:1,(anonymous_33)
FNDA:1,(anonymous_34)
FNDA:1,(anonymous_35)
FNDA:1,(anonymous_36)
FNDA:2,(anonymous_37)
FNDA:2,(anonymous_38)
FNDA:1,(anonymous_39)
FNDA:6,(anonymous_40)
DA:94,6
DA:96,6
DA:98,6
DA:100,6
DA:104,1
DA:105,1
DA:107,1
DA:108,1
DA:119,1
DA:120,1
DA:122,1
DA:123,1
DA:124,1
DA:126,1
DA:127,1
DA:128,1
DA:129,1
DA:131,1
DA:146,1
DA:150,1
DA:151,1
DA:153,1
DA:154,1
DA:165,2
DA:166,2
DA:167,1
DA:169,1
DA:173,1
DA:174,1
DA:175,2
DA:178,1
DA:179,1
DA:180,1
DA:182,1
DA:183,1
DA:184,1
DA:186,1
DA:199,1
DA:203,1
DA:204,1
DA:206,1
DA:207,1
DA:208,1
DA:210,1
DA:212,1
DA:213,1
DA:214,1
DA:221,1
DA:223,1
DA:236,1
DA:237,0
DA:241,1
DA:242,1
DA:244,1
DA:245,1
DA:246,1
DA:247,1
DA:248,1
DA:249,1
DA:250,1
DA:251,1
DA:253,1
DA:254,0
DA:265,0
DA:266,0
DA:267,0
DA:268,0
DA:270,0
DA:271,0
DA:274,0
DA:275,0
DA:276,0
DA:277,0
DA:280,0
DA:281,0
DA:282,0
DA:286,0
DA:289,0
DA:290,0
DA:293,1
DA:294,1
DA:295,1
DA:297,1
DA:312,1
DA:316,1
DA:327,1
DA:328,2
DA:329,1
DA:331,1
DA:332,2
DA:333,1
DA:335,2
DA:336,1
DA:339,1
DA:342,1
DA:343,1
DA:344,2
DA:345,1
DA:346,1
DA:353,1
DA:354,1
DA:360,0
DA:363,1
DA:380,2
DA:386,2
DA:391,1
DA:392,1
DA:396,1
DA:397,1
DA:399,1
DA:407,1
DA:408,1
DA:412,1
DA:420,1
DA:429,1
DA:431,1
DA:432,2
DA:433,2
DA:435,2
DA:436,1
DA:438,1
DA:441,2
DA:444,2
DA:453,1
DA:454,1
LF:125
LH:106
BRDA:111,0,0,1
BRDA:111,0,1,0
BRDA:123,1,0,1
BRDA:123,1,1,0
BRDA:124,2,0,1
BRDA:124,2,1,0
BRDA:126,3,0,1
BRDA:126,3,1,1
BRDA:127,4,0,1
BRDA:127,4,1,0
BRDA:127,5,0,0
BRDA:127,5,1,0
BRDA:129,6,0,0
BRDA:129,6,1,1
BRDA:134,7,0,1
BRDA:134,7,1,0
BRDA:134,8,0,0
BRDA:134,8,1,1
BRDA:134,9,0,1
BRDA:134,9,1,1
BRDA:157,10,0,1
BRDA:157,10,1,0
BRDA:169,11,0,1
BRDA:169,11,1,0
BRDA:174,12,0,1
BRDA:174,12,1,0
BRDA:183,13,0,0
BRDA:183,13,1,1
BRDA:184,14,0,1
BRDA:184,14,1,0
BRDA:189,15,0,1
BRDA:189,15,1,0
BRDA:189,16,0,0
BRDA:189,16,1,1
BRDA:189,17,0,1
BRDA:189,17,1,1
BRDA:210,18,0,0
BRDA:210,18,1,1
BRDA:213,19,0,0
BRDA:213,19,1,1
BRDA:214,20,0,0
BRDA:214,20,1,1
BRDA:236,21,0,1
BRDA:236,21,1,1
BRDA:258,22,0,0
BRDA:258,22,1,0
BRDA:266,23,0,0
BRDA:266,23,1,0
BRDA:268,24,0,0
BRDA:268,24,1,0
BRDA:268,25,0,0
BRDA:268,25,1,0
BRDA:276,26,0,0
BRDA:276,26,1,0
BRDA:280,27,0,0
BRDA:280,27,1,0
BRDA:286,28,0,0
BRDA:286,28,1,0
BRDA:290,29,0,0
BRDA:290,29,1,0
BRDA:294,30,0,0
BRDA:294,30,1,1
BRDA:295,31,0,0
BRDA:295,31,1,1
BRDA:317,32,0,1
BRDA:317,32,1,0
BRDA:329,33,0,1
BRDA:329,33,1,0
BRDA:333,34,0,1
BRDA:333,34,1,0
BRDA:336,35,0,1
BRDA:336,35,1,0
BRDA:344,36,0,1
BRDA:344,36,1,1
BRDA:344,37,0,2
BRDA:344,37,1,1
BRDA:345,38,0,1
BRDA:345,38,1,1
BRDA:371,39,0,1
BRDA:371,39,1,0
BRDA:386,40,0,2
BRDA:386,40,1,2
BRDA:407,41,0,1
BRDA:407,41,1,1
BRDA:420,42,0,1
BRDA:420,42,1,1
BRDA:420,43,0,1
BRDA:420,43,1,0
BRDA:420,44,0,1
BRDA:420,44,1,1
BRDA:433,45,0,2
BRDA:433,45,1,2
BRDA:435,46,0,1
BRDA:435,46,1,1
BRDA:436,47,0,1
BRDA:436,47,1,0
BRDA:438,48,0,1
BRDA:438,48,1,0
BRDA:448,49,0,1
BRDA:448,49,1,1
BRDA:453,50,0,0
BRDA:453,50,1,1
BRF:102
BRH:56
end_of_record
TN:
SF:src\suppliers\purchase-orders.resolver.ts
FN:19,(anonymous_0)
FN:24,(anonymous_1)
FN:29,(anonymous_2)
FN:36,(anonymous_3)
FN:43,(anonymous_4)
FN:48,(anonymous_5)
FN:55,(anonymous_6)
FN:64,(anonymous_7)
FN:71,(anonymous_8)
FN:81,(anonymous_9)
FN:91,(anonymous_10)
FN:101,(anonymous_11)
FN:109,(anonymous_12)
FN:116,(anonymous_13)
FN:123,(anonymous_14)
FN:134,(anonymous_15)
FN:14,(anonymous_16)
FN:11,(anonymous_17)
FNF:18
FNH:0
FNDA:0,(anonymous_0)
FNDA:0,(anonymous_1)
FNDA:0,(anonymous_2)
FNDA:0,(anonymous_3)
FNDA:0,(anonymous_4)
FNDA:0,(anonymous_5)
FNDA:0,(anonymous_6)
FNDA:0,(anonymous_7)
FNDA:0,(anonymous_8)
FNDA:0,(anonymous_9)
FNDA:0,(anonymous_10)
FNDA:0,(anonymous_11)
FNDA:0,(anonymous_12)
FNDA:0,(anonymous_13)
FNDA:0,(anonymous_14)
FNDA:0,(anonymous_15)
FNDA:0,(anonymous_16)
FNDA:0,(anonymous_17)
DA:11,0
DA:14,0
DA:20,0
DA:25,0
DA:32,0
DA:39,0
DA:44,0
DA:49,0
DA:59,0
DA:60,0
DA:67,0
DA:76,0
DA:77,0
DA:86,0
DA:87,0
DA:95,0
DA:105,0
DA:112,0
DA:119,0
DA:127,0
DA:128,0
DA:139,0
LF:22
LH:0
BRF:0
BRH:0
end_of_record
TN:
SF:src\suppliers\purchase-orders.service.ts
FN:31,(anonymous_0)
FN:32,(anonymous_1)
FN:107,(anonymous_2)
FN:138,(anonymous_3)
FN:145,(anonymous_4)
FN:158,(anonymous_5)
FN:166,(anonymous_6)
FN:174,(anonymous_7)
FN:178,(anonymous_8)
FN:199,(anonymous_9)
FN:200,(anonymous_10)
FN:241,(anonymous_11)
FN:242,(anonymous_12)
FN:281,(anonymous_13)
FN:282,(anonymous_14)
FN:312,(anonymous_15)
FN:313,(anonymous_16)
FN:372,(anonymous_17)
FN:373,(anonymous_18)
FN:392,(anonymous_19)
FN:414,(anonymous_20)
FN:436,(anonymous_21)
FN:458,(anonymous_22)
FN:477,(anonymous_23)
FN:482,(anonymous_24)
FN:494,(anonymous_25)
FN:514,(anonymous_26)
FN:517,(anonymous_27)
FN:522,(anonymous_28)
FN:15,(anonymous_29)
FNF:30
FNH:29
FNDA:1,(anonymous_0)
FNDA:1,(anonymous_1)
FNDA:2,(anonymous_2)
FNDA:1,(anonymous_3)
FNDA:1,(anonymous_4)
FNDA:2,(anonymous_5)
FNDA:1,(anonymous_6)
FNDA:1,(anonymous_7)
FNDA:1,(anonymous_8)
FNDA:1,(anonymous_9)
FNDA:1,(anonymous_10)
FNDA:1,(anonymous_11)
FNDA:1,(anonymous_12)
FNDA:2,(anonymous_13)
FNDA:2,(anonymous_14)
FNDA:2,(anonymous_15)
FNDA:2,(anonymous_16)
FNDA:1,(anonymous_17)
FNDA:1,(anonymous_18)
FNDA:2,(anonymous_19)
FNDA:1,(anonymous_20)
FNDA:2,(anonymous_21)
FNDA:1,(anonymous_22)
FNDA:3,(anonymous_23)
FNDA:0,(anonymous_24)
FNDA:3,(anonymous_25)
FNDA:4,(anonymous_26)
FNDA:4,(anonymous_27)
FNDA:4,(anonymous_28)
FNDA:24,(anonymous_29)
DA:17,24
DA:19,24
DA:21,24
DA:23,24
DA:25,24
DA:32,1
DA:34,1
DA:35,1
DA:36,0
DA:40,1
DA:43,1
DA:44,1
DA:46,1
DA:47,1
DA:48,1
DA:49,0
DA:52,1
DA:53,1
DA:54,1
DA:55,1
DA:57,1
DA:64,1
DA:67,1
DA:68,1
DA:69,1
DA:70,1
DA:73,1
DA:88,1
DA:91,1
DA:92,1
DA:96,1
DA:99,1
DA:108,2
DA:109,2
DA:110,1
DA:114,1
DA:115,0
DA:121,1
DA:122,1
DA:125,1
DA:126,0
DA:128,1
DA:129,0
DA:131,1
DA:132,0
DA:135,1
DA:139,1
DA:146,1
DA:151,1
DA:152,0
DA:155,1
DA:159,2
DA:167,1
DA:175,1
DA:179,1
DA:180,1
DA:200,1
DA:201,1
DA:202,1
DA:203,0
DA:206,1
DA:207,0
DA:213,1
DA:214,1
DA:215,0
DA:218,1
DA:219,1
DA:220,1
DA:221,1
DA:223,1
DA:231,1
DA:234,1
DA:236,1
DA:242,1
DA:243,1
DA:248,1
DA:249,0
DA:252,1
DA:253,0
DA:259,1
DA:261,1
DA:262,1
DA:263,1
DA:264,1
DA:266,1
DA:267,1
DA:268,1
DA:271,1
DA:274,1
DA:276,1
DA:282,2
DA:283,2
DA:288,2
DA:289,1
DA:292,1
DA:293,0
DA:299,1
DA:300,1
DA:303,1
DA:305,1
DA:313,2
DA:314,2
DA:319,2
DA:320,0
DA:323,2
DA:324,2
DA:325,1
DA:332,1
DA:333,1
DA:334,1
DA:336,2
DA:337,1
DA:338,1
DA:339,1
DA:342,1
DA:343,0
DA:345,1
DA:348,1
DA:351,1
DA:352,1
DA:364,1
DA:368,1
DA:372,1
DA:373,1
DA:375,1
DA:376,1
DA:377,0
DA:378,0
DA:379,1
DA:380,1
DA:383,1
DA:385,1
DA:393,2
DA:394,2
DA:395,0
DA:398,2
DA:399,1
DA:405,1
DA:406,1
DA:407,1
DA:408,1
DA:410,1
DA:415,1
DA:416,1
DA:417,0
DA:420,1
DA:421,0
DA:427,1
DA:428,1
DA:429,1
DA:430,1
DA:432,1
DA:437,2
DA:438,2
DA:439,0
DA:442,2
DA:443,1
DA:449,1
DA:450,1
DA:451,1
DA:453,1
DA:459,1
DA:460,1
DA:461,1
DA:462,1
DA:464,1
DA:473,1
DA:474,1
DA:478,3
DA:482,3
DA:484,3
DA:485,3
DA:486,0
DA:487,0
DA:488,0
DA:495,3
DA:499,3
DA:500,1
DA:503,3
DA:504,1
DA:507,3
DA:508,1
DA:511,3
DA:513,3
DA:514,4
DA:515,3
DA:517,3
DA:518,4
DA:519,4
DA:522,3
DA:523,4
DA:529,3
DA:531,3
LF:193
LH:169
BRDA:35,0,0,0
BRDA:35,0,1,1
BRDA:48,1,0,0
BRDA:48,1,1,1
BRDA:53,2,0,0
BRDA:53,2,1,1
BRDA:54,3,0,0
BRDA:54,3,1,1
BRDA:68,4,0,1
BRDA:68,4,1,1
BRDA:82,5,0,1
BRDA:82,5,1,1
BRDA:82,5,2,1
BRDA:83,6,0,1
BRDA:83,6,1,1
BRDA:85,7,0,0
BRDA:85,7,1,1
BRDA:109,8,0,1
BRDA:109,8,1,1
BRDA:114,9,0,0
BRDA:114,9,1,1
BRDA:125,10,0,0
BRDA:125,10,1,1
BRDA:125,11,0,1
BRDA:125,11,1,0
BRDA:128,12,0,0
BRDA:128,12,1,1
BRDA:128,13,0,1
BRDA:128,13,1,0
BRDA:131,14,0,0
BRDA:131,14,1,1
BRDA:131,15,0,1
BRDA:131,15,1,0
BRDA:151,16,0,0
BRDA:151,16,1,1
BRDA:202,17,0,0
BRDA:202,17,1,1
BRDA:206,18,0,0
BRDA:206,18,1,1
BRDA:214,19,0,0
BRDA:214,19,1,1
BRDA:219,20,0,0
BRDA:219,20,1,1
BRDA:220,21,0,0
BRDA:220,21,1,1
BRDA:248,22,0,0
BRDA:248,22,1,1
BRDA:252,23,0,0
BRDA:252,23,1,1
BRDA:261,24,0,1
BRDA:261,24,1,0
BRDA:261,25,0,1
BRDA:261,25,1,0
BRDA:261,25,2,0
BRDA:261,25,3,0
BRDA:263,26,0,0
BRDA:263,26,1,1
BRDA:264,27,0,0
BRDA:264,27,1,1
BRDA:288,28,0,1
BRDA:288,28,1,1
BRDA:292,29,0,0
BRDA:292,29,1,1
BRDA:319,30,0,0
BRDA:319,30,1,2
BRDA:324,31,0,1
BRDA:324,31,1,1
BRDA:334,32,0,0
BRDA:334,32,1,1
BRDA:336,33,0,0
BRDA:336,33,1,2
BRDA:337,34,0,0
BRDA:337,34,1,1
BRDA:338,35,0,0
BRDA:338,35,1,1
BRDA:339,36,0,0
BRDA:339,36,1,1
BRDA:342,37,0,0
BRDA:342,37,1,1
BRDA:351,38,0,1
BRDA:351,38,1,0
BRDA:376,39,0,0
BRDA:376,39,1,1
BRDA:379,40,0,1
BRDA:379,40,1,0
BRDA:394,41,0,0
BRDA:394,41,1,2
BRDA:398,42,0,1
BRDA:398,42,1,1
BRDA:408,43,0,1
BRDA:408,43,1,0
BRDA:416,44,0,0
BRDA:416,44,1,1
BRDA:420,45,0,0
BRDA:420,45,1,1
BRDA:438,46,0,0
BRDA:438,46,1,2
BRDA:442,47,0,1
BRDA:442,47,1,1
BRDA:459,48,0,1
BRDA:459,48,1,0
BRDA:482,49,0,0
BRDA:482,49,1,0
BRDA:485,50,0,0
BRDA:485,50,1,3
BRDA:487,51,0,0
BRDA:487,51,1,0
BRDA:487,52,0,0
BRDA:487,52,1,0
BRDA:487,53,0,0
BRDA:487,53,1,0
BRDA:499,54,0,1
BRDA:499,54,1,2
BRDA:503,55,0,1
BRDA:503,55,1,2
BRDA:507,56,0,1
BRDA:507,56,1,2
BRDA:515,57,0,3
BRDA:515,57,1,0
BRDA:518,58,0,4
BRDA:518,58,1,4
BRDA:523,59,0,4
BRDA:523,59,1,1
BRDA:523,59,2,0
BRDA:523,59,3,0
BRDA:529,60,0,3
BRDA:529,60,1,0
BRF:127
BRH:71
end_of_record
TN:
SF:src\suppliers\suppliers.resolver.ts
FN:20,(anonymous_0)
FN:25,(anonymous_1)
FN:30,(anonymous_2)
FN:37,(anonymous_3)
FN:45,(anonymous_4)
FN:53,(anonymous_5)
FN:63,(anonymous_6)
FN:70,(anonymous_7)
FN:77,(anonymous_8)
FN:86,(anonymous_9)
FN:94,(anonymous_10)
FN:104,(anonymous_11)
FN:111,(anonymous_12)
FN:15,(anonymous_13)
FN:12,(anonymous_14)
FNF:15
FNH:12
FNDA:1,(anonymous_0)
FNDA:1,(anonymous_1)
FNDA:1,(anonymous_2)
FNDA:1,(anonymous_3)
FNDA:1,(anonymous_4)
FNDA:1,(anonymous_5)
FNDA:1,(anonymous_6)
FNDA:1,(anonymous_7)
FNDA:0,(anonymous_8)
FNDA:1,(anonymous_9)
FNDA:1,(anonymous_10)
FNDA:0,(anonymous_11)
FNDA:0,(anonymous_12)
FNDA:10,(anonymous_13)
FNDA:2,(anonymous_14)
DA:12,2
DA:15,10
DA:21,1
DA:26,1
DA:31,1
DA:41,1
DA:49,1
DA:57,1
DA:66,1
DA:73,1
DA:80,0
DA:90,1
DA:98,1
DA:105,0
DA:114,0
LF:15
LH:12
BRF:0
BRH:0
end_of_record
TN:
SF:src\suppliers\suppliers.service.ts
FN:36,(anonymous_0)
FN:44,(anonymous_1)
FN:56,(anonymous_2)
FN:80,(anonymous_3)
FN:93,(anonymous_4)
FN:119,(anonymous_5)
FN:142,(anonymous_6)
FN:177,(anonymous_7)
FN:196,(anonymous_8)
FN:204,(anonymous_9)
FN:214,(anonymous_10)
FN:232,(anonymous_11)
FN:257,(anonymous_12)
FN:265,(anonymous_13)
FN:277,(anonymous_14)
FN:278,(anonymous_15)
FN:353,(anonymous_16)
FN:376,(anonymous_17)
FN:383,(anonymous_18)
FN:396,(anonymous_19)
FN:404,(anonymous_20)
FN:415,(anonymous_21)
FN:416,(anonymous_22)
FN:458,(anonymous_23)
FN:459,(anonymous_24)
FN:479,(anonymous_25)
FN:490,(anonymous_26)
FN:504,(anonymous_27)
FN:524,(anonymous_28)
FN:549,(anonymous_29)
FN:569,(anonymous_30)
FN:578,(anonymous_31)
FN:580,(anonymous_32)
FN:595,(anonymous_33)
FN:18,(anonymous_34)
FNF:35
FNH:25
FNDA:1,(anonymous_0)
FNDA:1,(anonymous_1)
FNDA:1,(anonymous_2)
FNDA:3,(anonymous_3)
FNDA:1,(anonymous_4)
FNDA:2,(anonymous_5)
FNDA:3,(anonymous_6)
FNDA:2,(anonymous_7)
FNDA:1,(anonymous_8)
FNDA:1,(anonymous_9)
FNDA:4,(anonymous_10)
FNDA:5,(anonymous_11)
FNDA:2,(anonymous_12)
FNDA:2,(anonymous_13)
FNDA:0,(anonymous_14)
FNDA:0,(anonymous_15)
FNDA:0,(anonymous_16)
FNDA:1,(anonymous_17)
FNDA:1,(anonymous_18)
FNDA:1,(anonymous_19)
FNDA:1,(anonymous_20)
FNDA:0,(anonymous_21)
FNDA:0,(anonymous_22)
FNDA:0,(anonymous_23)
FNDA:0,(anonymous_24)
FNDA:4,(anonymous_25)
FNDA:1,(anonymous_26)
FNDA:0,(anonymous_27)
FNDA:0,(anonymous_28)
FNDA:0,(anonymous_29)
FNDA:2,(anonymous_30)
FNDA:2,(anonymous_31)
FNDA:2,(anonymous_32)
FNDA:3,(anonymous_33)
FNDA:28,(anonymous_34)
DA:20,28
DA:22,28
DA:24,28
DA:26,28
DA:28,28
DA:30,28
DA:37,1
DA:39,1
DA:40,1
DA:45,1
DA:46,1
DA:47,0
DA:50,1
DA:51,1
DA:53,1
DA:57,1
DA:81,3
DA:86,3
DA:87,0
DA:90,3
DA:94,1
DA:121,2
DA:128,2
DA:129,0
DA:135,2
DA:136,2
DA:143,3
DA:146,3
DA:147,1
DA:148,0
DA:151,1
DA:152,1
DA:153,0
DA:157,1
DA:161,1
DA:162,0
DA:168,1
DA:173,1
DA:178,2
DA:179,2
DA:180,1
DA:183,1
DA:184,1
DA:187,1
DA:188,1
DA:191,1
DA:193,1
DA:197,1
DA:205,1
DA:215,4
DA:221,4
DA:222,4
DA:225,4
DA:230,4
DA:232,4
DA:233,5
DA:234,5
DA:235,5
DA:237,5
DA:258,2
DA:260,2
DA:261,1
DA:265,2
DA:266,1
DA:267,0
DA:271,1
DA:278,0
DA:280,0
DA:281,0
DA:282,0
DA:286,0
DA:289,0
DA:290,0
DA:292,0
DA:293,0
DA:294,0
DA:295,0
DA:298,0
DA:299,0
DA:300,0
DA:301,0
DA:303,0
DA:310,0
DA:313,0
DA:314,0
DA:315,0
DA:316,0
DA:319,0
DA:334,0
DA:337,0
DA:338,0
DA:342,0
DA:345,0
DA:354,0
DA:355,0
DA:356,0
DA:359,0
DA:360,0
DA:363,0
DA:364,0
DA:366,0
DA:367,0
DA:369,0
DA:370,0
DA:373,0
DA:377,1
DA:384,1
DA:389,1
DA:390,0
DA:393,1
DA:397,1
DA:405,1
DA:416,0
DA:417,0
DA:422,0
DA:423,0
DA:426,0
DA:427,0
DA:428,0
DA:435,0
DA:436,0
DA:437,0
DA:439,0
DA:440,0
DA:441,0
DA:442,0
DA:445,0
DA:446,0
DA:448,0
DA:451,0
DA:454,0
DA:458,0
DA:459,0
DA:461,0
DA:462,0
DA:463,0
DA:464,0
DA:465,0
DA:468,0
DA:473,0
DA:480,4
DA:487,4
DA:491,1
DA:492,1
DA:494,1
DA:495,2
DA:496,2
DA:497,0
DA:501,1
DA:505,0
DA:506,0
DA:509,0
DA:511,0
DA:512,0
DA:514,0
DA:515,0
DA:516,0
DA:518,0
DA:523,0
DA:524,0
DA:533,0
DA:541,0
DA:544,0
DA:550,0
DA:551,0
DA:552,0
DA:554,0
DA:563,0
DA:564,0
DA:570,2
DA:572,2
DA:577,2
DA:578,2
DA:580,2
DA:581,2
DA:587,2
DA:589,2
DA:595,3
LF:178
LH:82
BRDA:46,0,0,0
BRDA:46,0,1,1
BRDA:86,1,0,0
BRDA:86,1,1,3
BRDA:128,2,0,0
BRDA:128,2,1,2
BRDA:147,3,0,0
BRDA:147,3,1,1
BRDA:152,4,0,0
BRDA:152,4,1,1
BRDA:161,5,0,0
BRDA:161,5,1,1
BRDA:179,6,0,1
BRDA:179,6,1,1
BRDA:187,7,0,1
BRDA:187,7,1,0
BRDA:187,8,0,1
BRDA:187,8,1,1
BRDA:221,9,0,4
BRDA:221,9,1,0
BRDA:230,10,0,4
BRDA:230,10,1,2
BRDA:234,11,0,0
BRDA:234,11,1,5
BRDA:244,12,0,5
BRDA:244,12,1,5
BRDA:247,13,0,5
BRDA:247,13,1,2
BRDA:257,14,0,2
BRDA:260,15,0,1
BRDA:260,15,1,1
BRDA:266,16,0,0
BRDA:266,16,1,1
BRDA:281,17,0,0
BRDA:281,17,1,0
BRDA:294,18,0,0
BRDA:294,18,1,0
BRDA:299,19,0,0
BRDA:299,19,1,0
BRDA:300,20,0,0
BRDA:300,20,1,0
BRDA:314,21,0,0
BRDA:314,21,1,0
BRDA:328,22,0,0
BRDA:328,22,1,0
BRDA:328,22,2,0
BRDA:329,23,0,0
BRDA:329,23,1,0
BRDA:331,24,0,0
BRDA:331,24,1,0
BRDA:355,25,0,0
BRDA:355,25,1,0
BRDA:363,26,0,0
BRDA:363,26,1,0
BRDA:363,27,0,0
BRDA:363,27,1,0
BRDA:366,28,0,0
BRDA:366,28,1,0
BRDA:366,29,0,0
BRDA:366,29,1,0
BRDA:369,30,0,0
BRDA:369,30,1,0
BRDA:369,31,0,0
BRDA:369,31,1,0
BRDA:389,32,0,0
BRDA:389,32,1,1
BRDA:422,33,0,0
BRDA:422,33,1,0
BRDA:427,34,0,0
BRDA:427,34,1,0
BRDA:437,35,0,0
BRDA:437,35,1,0
BRDA:439,36,0,0
BRDA:439,36,1,0
BRDA:440,37,0,0
BRDA:440,37,1,0
BRDA:441,38,0,0
BRDA:441,38,1,0
BRDA:442,39,0,0
BRDA:442,39,1,0
BRDA:445,40,0,0
BRDA:445,40,1,0
BRDA:462,41,0,0
BRDA:462,41,1,0
BRDA:464,42,0,0
BRDA:464,42,1,0
BRDA:487,43,0,4
BRDA:487,43,1,1
BRDA:496,44,0,0
BRDA:496,44,1,2
BRDA:514,45,0,0
BRDA:514,45,1,0
BRDA:515,46,0,0
BRDA:515,46,1,0
BRDA:581,47,0,2
BRDA:581,47,1,2
BRDA:581,47,2,2
BRDA:581,47,3,0
BRDA:587,48,0,1
BRDA:587,48,1,1
BRDA:594,49,0,1
BRDA:594,49,1,1
BRF:102
BRH:34
end_of_record
TN:
SF:src\user\user.resolver.ts
FN:24,(anonymous_0)
FN:38,(anonymous_1)
FN:54,(anonymous_2)
FN:82,(anonymous_3)
FN:102,(anonymous_4)
FN:124,(anonymous_5)
FN:142,(anonymous_6)
FN:163,(anonymous_7)
FN:192,(anonymous_8)
FN:202,(anonymous_9)
FN:212,(anonymous_10)
FN:234,(anonymous_11)
FN:250,(anonymous_12)
FN:266,(anonymous_13)
FN:282,(anonymous_14)
FN:299,(anonymous_15)
FN:310,(anonymous_16)
FN:319,(anonymous_17)
FN:16,(anonymous_18)
FN:14,(anonymous_19)
FNF:20
FNH:4
FNDA:2,(anonymous_0)
FNDA:0,(anonymous_1)
FNDA:0,(anonymous_2)
FNDA:3,(anonymous_3)
FNDA:0,(anonymous_4)
FNDA:0,(anonymous_5)
FNDA:0,(anonymous_6)
FNDA:0,(anonymous_7)
FNDA:0,(anonymous_8)
FNDA:0,(anonymous_9)
FNDA:0,(anonymous_10)
FNDA:0,(anonymous_11)
FNDA:0,(anonymous_12)
FNDA:0,(anonymous_13)
FNDA:0,(anonymous_14)
FNDA:0,(anonymous_15)
FNDA:0,(anonymous_16)
FNDA:0,(anonymous_17)
FNDA:1,(anonymous_18)
FNDA:2,(anonymous_19)
DA:14,2
DA:17,1
DA:18,1
DA:25,2
DA:28,2
DA:29,2
DA:30,1
DA:33,1
DA:39,0
DA:42,0
DA:43,0
DA:44,0
DA:45,0
DA:49,0
DA:55,0
DA:68,0
DA:69,0
DA:71,0
DA:77,0
DA:86,3
DA:87,3
DA:90,3
DA:91,2
DA:92,2
DA:93,1
DA:97,2
DA:106,0
DA:109,0
DA:110,0
DA:111,0
DA:112,0
DA:114,0
DA:116,0
DA:119,0
DA:128,0
DA:129,0
DA:132,0
DA:133,0
DA:136,0
DA:146,0
DA:148,0
DA:149,0
DA:150,0
DA:154,0
DA:155,0
DA:158,0
DA:167,0
DA:170,0
DA:171,0
DA:172,0
DA:173,0
DA:178,0
DA:179,0
DA:180,0
DA:182,0
DA:183,0
DA:187,0
DA:196,0
DA:197,0
DA:206,0
DA:207,0
DA:216,0
DA:218,0
DA:219,0
DA:220,0
DA:224,0
DA:225,0
DA:228,0
DA:238,0
DA:240,0
DA:241,0
DA:242,0
DA:245,0
DA:254,0
DA:256,0
DA:257,0
DA:258,0
DA:261,0
DA:270,0
DA:272,0
DA:273,0
DA:274,0
DA:277,0
DA:286,0
DA:288,0
DA:289,0
DA:290,0
DA:293,0
DA:303,0
DA:304,0
DA:314,0
DA:315,0
DA:320,0
LF:93
LH:15
BRDA:29,0,0,1
BRDA:29,0,1,1
BRDA:42,1,0,0
BRDA:42,1,1,0
BRDA:44,2,0,0
BRDA:44,2,1,0
BRDA:60,3,0,0
BRDA:60,3,1,0
BRDA:60,4,0,0
BRDA:60,4,1,0
BRDA:61,5,0,0
BRDA:61,5,1,0
BRDA:61,6,0,0
BRDA:61,6,1,0
BRDA:61,7,0,0
BRDA:61,7,1,0
BRDA:62,8,0,0
BRDA:62,8,1,0
BRDA:62,9,0,0
BRDA:62,9,1,0
BRDA:62,10,0,0
BRDA:62,10,1,0
BRDA:63,11,0,0
BRDA:63,11,1,0
BRDA:64,12,0,0
BRDA:64,12,1,0
BRDA:64,13,0,0
BRDA:64,13,1,0
BRDA:64,14,0,0
BRDA:64,14,1,0
BRDA:74,15,0,0
BRDA:74,15,1,0
BRDA:74,16,0,0
BRDA:74,16,1,0
BRDA:74,17,0,0
BRDA:74,17,1,0
BRDA:74,18,0,0
BRDA:74,18,1,0
BRDA:87,19,0,3
BRDA:87,19,1,1
BRDA:90,20,0,2
BRDA:90,20,1,1
BRDA:92,21,0,1
BRDA:92,21,1,1
BRDA:109,22,0,0
BRDA:109,22,1,0
BRDA:109,23,0,0
BRDA:109,23,1,0
BRDA:111,24,0,0
BRDA:111,24,1,0
BRDA:114,25,0,0
BRDA:114,25,1,0
BRDA:114,26,0,0
BRDA:114,26,1,0
BRDA:129,27,0,0
BRDA:129,27,1,0
BRDA:132,28,0,0
BRDA:132,28,1,0
BRDA:132,29,0,0
BRDA:132,29,1,0
BRDA:149,30,0,0
BRDA:149,30,1,0
BRDA:154,31,0,0
BRDA:154,31,1,0
BRDA:154,32,0,0
BRDA:154,32,1,0
BRDA:170,33,0,0
BRDA:170,33,1,0
BRDA:172,34,0,0
BRDA:172,34,1,0
BRDA:178,35,0,0
BRDA:178,35,1,0
BRDA:179,36,0,0
BRDA:179,36,1,0
BRDA:182,37,0,0
BRDA:182,37,1,0
BRDA:182,38,0,0
BRDA:182,38,1,0
BRDA:219,39,0,0
BRDA:219,39,1,0
BRDA:224,40,0,0
BRDA:224,40,1,0
BRDA:241,41,0,0
BRDA:241,41,1,0
BRDA:257,42,0,0
BRDA:257,42,1,0
BRDA:273,43,0,0
BRDA:273,43,1,0
BRDA:289,44,0,0
BRDA:289,44,1,0
BRF:90
BRH:8
end_of_record
TN:
SF:src\user\user.service.ts
FN:30,(anonymous_0)
FN:38,(anonymous_1)
FN:52,(anonymous_2)
FN:60,(anonymous_3)
FN:68,(anonymous_4)
FN:115,(anonymous_5)
FN:157,(anonymous_6)
FN:176,(anonymous_7)
FN:206,(anonymous_8)
FN:235,(anonymous_9)
FN:247,(anonymous_10)
FN:251,(anonymous_11)
FN:266,(anonymous_12)
FN:300,(anonymous_13)
FN:327,(anonymous_14)
FN:333,(anonymous_15)
FN:334,(anonymous_16)
FN:337,(anonymous_17)
FN:365,(anonymous_18)
FN:371,(anonymous_19)
FN:400,(anonymous_20)
FN:415,(anonymous_21)
FN:452,(anonymous_22)
FN:482,(anonymous_23)
FN:490,(anonymous_24)
FN:497,(anonymous_25)
FN:552,(anonymous_26)
FN:17,(anonymous_27)
FNF:28
FNH:10
FNDA:0,(anonymous_0)
FNDA:7,(anonymous_1)
FNDA:0,(anonymous_2)
FNDA:0,(anonymous_3)
FNDA:2,(anonymous_4)
FNDA:0,(anonymous_5)
FNDA:0,(anonymous_6)
FNDA:0,(anonymous_7)
FNDA:0,(anonymous_8)
FNDA:2,(anonymous_9)
FNDA:2,(anonymous_10)
FNDA:3,(anonymous_11)
FNDA:0,(anonymous_12)
FNDA:0,(anonymous_13)
FNDA:2,(anonymous_14)
FNDA:0,(anonymous_15)
FNDA:56,(anonymous_16)
FNDA:56,(anonymous_17)
FNDA:0,(anonymous_18)
FNDA:0,(anonymous_19)
FNDA:0,(anonymous_20)
FNDA:0,(anonymous_21)
FNDA:0,(anonymous_22)
FNDA:0,(anonymous_23)
FNDA:0,(anonymous_24)
FNDA:2,(anonymous_25)
FNDA:0,(anonymous_26)
FNDA:6,(anonymous_27)
DA:19,6
DA:21,6
DA:23,6
DA:25,6
DA:31,0
DA:39,7
DA:44,7
DA:45,0
DA:48,7
DA:53,0
DA:61,0
DA:70,2
DA:77,2
DA:78,0
DA:79,0
DA:81,0
DA:82,0
DA:87,2
DA:90,2
DA:95,2
DA:98,2
DA:101,2
DA:102,0
DA:111,2
DA:116,0
DA:119,0
DA:120,0
DA:123,0
DA:124,0
DA:128,0
DA:129,0
DA:132,0
DA:133,0
DA:138,0
DA:139,0
DA:142,0
DA:143,0
DA:153,0
DA:158,0
DA:160,0
DA:161,0
DA:164,0
DA:172,0
DA:177,0
DA:178,0
DA:179,0
DA:183,0
DA:184,0
DA:185,0
DA:189,0
DA:190,0
DA:191,0
DA:194,0
DA:202,0
DA:207,0
DA:210,0
DA:211,0
DA:212,0
DA:213,0
DA:217,0
DA:220,0
DA:221,0
DA:230,0
DA:237,2
DA:238,2
DA:239,1
DA:242,1
DA:247,2
DA:253,3
DA:254,3
DA:255,1
DA:258,2
DA:262,2
DA:268,0
DA:272,0
DA:273,0
DA:276,0
DA:282,0
DA:285,0
DA:286,0
DA:287,0
DA:296,0
DA:301,0
DA:305,0
DA:306,0
DA:309,0
DA:312,0
DA:313,0
DA:314,0
DA:323,0
DA:328,2
DA:333,2
DA:334,56
DA:336,2
DA:337,2
DA:338,56
DA:345,2
DA:348,2
DA:349,0
DA:350,0
DA:361,2
DA:367,0
DA:370,0
DA:371,0
DA:372,0
DA:379,0
DA:383,0
DA:384,0
DA:385,0
DA:395,0
DA:410,0
DA:411,0
DA:416,0
DA:422,0
DA:423,0
DA:426,0
DA:427,0
DA:430,0
DA:431,0
DA:434,0
DA:435,0
DA:436,0
DA:440,0
DA:441,0
DA:442,0
DA:443,0
DA:447,0
DA:453,0
DA:457,0
DA:458,0
DA:460,0
DA:467,0
DA:470,0
DA:478,0
DA:483,0
DA:491,0
DA:498,2
DA:500,2
DA:502,1
DA:503,1
DA:505,1
DA:527,1
DA:529,0
DA:540,0
DA:543,2
DA:544,2
DA:553,0
DA:557,0
LF:148
LH:42
BRDA:44,0,0,0
BRDA:44,0,1,7
BRDA:77,1,0,0
BRDA:77,1,1,2
BRDA:78,2,0,0
BRDA:78,2,1,0
BRDA:81,3,0,0
BRDA:81,3,1,0
BRDA:101,4,0,0
BRDA:101,4,1,2
BRDA:119,5,0,0
BRDA:119,5,1,0
BRDA:119,6,0,0
BRDA:119,6,1,0
BRDA:123,7,0,0
BRDA:123,7,1,0
BRDA:128,8,0,0
BRDA:128,8,1,0
BRDA:128,9,0,0
BRDA:128,9,1,0
BRDA:132,10,0,0
BRDA:132,10,1,0
BRDA:142,11,0,0
BRDA:142,11,1,0
BRDA:178,12,0,0
BRDA:178,12,1,0
BRDA:184,13,0,0
BRDA:184,13,1,0
BRDA:210,14,0,0
BRDA:210,14,1,0
BRDA:210,15,0,0
BRDA:210,15,1,0
BRDA:212,16,0,0
BRDA:212,16,1,0
BRDA:220,17,0,0
BRDA:220,17,1,0
BRDA:238,18,0,1
BRDA:238,18,1,1
BRDA:238,19,0,0
BRDA:238,19,1,2
BRDA:238,20,0,2
BRDA:238,20,1,2
BRDA:254,21,0,1
BRDA:254,21,1,2
BRDA:254,22,0,0
BRDA:254,22,1,3
BRDA:254,23,0,3
BRDA:254,23,1,3
BRDA:272,24,0,0
BRDA:272,24,1,0
BRDA:285,25,0,0
BRDA:285,25,1,0
BRDA:305,26,0,0
BRDA:305,26,1,0
BRDA:312,27,0,0
BRDA:312,27,1,0
BRDA:336,28,0,2
BRDA:336,28,1,0
BRDA:348,29,0,0
BRDA:348,29,1,2
BRDA:370,30,0,0
BRDA:370,30,1,0
BRDA:383,31,0,0
BRDA:383,31,1,0
BRDA:422,32,0,0
BRDA:422,32,1,0
BRDA:426,33,0,0
BRDA:426,33,1,0
BRDA:430,34,0,0
BRDA:430,34,1,0
BRDA:434,35,0,0
BRDA:434,35,1,0
BRDA:434,36,0,0
BRDA:434,36,1,0
BRDA:435,37,0,0
BRDA:435,37,1,0
BRDA:435,38,0,0
BRDA:435,38,1,0
BRDA:440,39,0,0
BRDA:440,39,1,0
BRDA:442,40,0,0
BRDA:442,40,1,0
BRDA:457,41,0,0
BRDA:457,41,1,0
BRDA:500,42,0,1
BRDA:500,42,1,1
BRDA:500,42,2,0
BRDA:543,43,0,2
BRDA:543,43,1,0
BRF:89
BRH:18
end_of_record
