{"total": {"lines":{"total":8196,"covered":1416,"skipped":0,"pct":17.27},"statements":{"total":8196,"covered":1416,"skipped":0,"pct":17.27},"functions":{"total":119,"covered":60,"skipped":0,"pct":50.42},"branches":{"total":292,"covered":199,"skipped":0,"pct":68.15},"branchesTrue":{"total":0,"covered":0,"skipped":0,"pct":100}}
,"C:\\Users\\Daniël\\OptiPlatform-1\\src\\App.tsx": {"lines":{"total":40,"covered":0,"skipped":0,"pct":0},"functions":{"total":1,"covered":0,"skipped":0,"pct":0},"statements":{"total":40,"covered":0,"skipped":0,"pct":0},"branches":{"total":1,"covered":0,"skipped":0,"pct":0}}
,"C:\\Users\\Daniël\\OptiPlatform-1\\src\\components\\AuthGuard.tsx": {"lines":{"total":13,"covered":13,"skipped":0,"pct":100},"functions":{"total":1,"covered":1,"skipped":0,"pct":100},"statements":{"total":13,"covered":13,"skipped":0,"pct":100},"branches":{"total":3,"covered":3,"skipped":0,"pct":100}}
,"C:\\Users\\Daniël\\OptiPlatform-1\\src\\components\\ErrorBoundary.tsx": {"lines":{"total":128,"covered":0,"skipped":0,"pct":0},"functions":{"total":1,"covered":0,"skipped":0,"pct":0},"statements":{"total":128,"covered":0,"skipped":0,"pct":0},"branches":{"total":1,"covered":0,"skipped":0,"pct":0}}
,"C:\\Users\\Daniël\\OptiPlatform-1\\src\\components\\ErrorProvider.tsx": {"lines":{"total":58,"covered":56,"skipped":0,"pct":96.55},"functions":{"total":7,"covered":2,"skipped":0,"pct":28.57},"statements":{"total":58,"covered":56,"skipped":0,"pct":96.55},"branches":{"total":8,"covered":8,"skipped":0,"pct":100}}
,"C:\\Users\\Daniël\\OptiPlatform-1\\src\\components\\Modal.tsx": {"lines":{"total":70,"covered":70,"skipped":0,"pct":100},"functions":{"total":2,"covered":2,"skipped":0,"pct":100},"statements":{"total":70,"covered":70,"skipped":0,"pct":100},"branches":{"total":4,"covered":4,"skipped":0,"pct":100}}
,"C:\\Users\\Daniël\\OptiPlatform-1\\src\\components\\PermissionGuards.tsx": {"lines":{"total":61,"covered":58,"skipped":0,"pct":95.08},"functions":{"total":3,"covered":3,"skipped":0,"pct":100},"statements":{"total":61,"covered":58,"skipped":0,"pct":95.08},"branches":{"total":29,"covered":26,"skipped":0,"pct":89.65}}
,"C:\\Users\\Daniël\\OptiPlatform-1\\src\\components\\ProductHealthCard.tsx": {"lines":{"total":162,"covered":151,"skipped":0,"pct":93.2},"functions":{"total":4,"covered":4,"skipped":0,"pct":100},"statements":{"total":162,"covered":151,"skipped":0,"pct":93.2},"branches":{"total":33,"covered":20,"skipped":0,"pct":60.6}}
,"C:\\Users\\Daniël\\OptiPlatform-1\\src\\components\\QuickActions.tsx": {"lines":{"total":306,"covered":306,"skipped":0,"pct":100},"functions":{"total":23,"covered":4,"skipped":0,"pct":17.39},"statements":{"total":306,"covered":306,"skipped":0,"pct":100},"branches":{"total":8,"covered":7,"skipped":0,"pct":87.5}}
,"C:\\Users\\Daniël\\OptiPlatform-1\\src\\components\\Sidebar.tsx": {"lines":{"total":400,"covered":369,"skipped":0,"pct":92.25},"functions":{"total":13,"covered":10,"skipped":0,"pct":76.92},"statements":{"total":400,"covered":369,"skipped":0,"pct":92.25},"branches":{"total":55,"covered":24,"skipped":0,"pct":43.63}}
,"C:\\Users\\Daniël\\OptiPlatform-1\\src\\components\\Snackbar.tsx": {"lines":{"total":49,"covered":49,"skipped":0,"pct":100},"functions":{"total":3,"covered":3,"skipped":0,"pct":100},"statements":{"total":49,"covered":49,"skipped":0,"pct":100},"branches":{"total":17,"covered":17,"skipped":0,"pct":100}}
,"C:\\Users\\Daniël\\OptiPlatform-1\\src\\contexts\\AuthContext.tsx": {"lines":{"total":104,"covered":96,"skipped":0,"pct":92.3},"functions":{"total":6,"covered":4,"skipped":0,"pct":66.66},"statements":{"total":104,"covered":96,"skipped":0,"pct":92.3},"branches":{"total":23,"covered":17,"skipped":0,"pct":73.91}}
,"C:\\Users\\Daniël\\OptiPlatform-1\\src\\layout\\MainLayout.tsx": {"lines":{"total":63,"covered":0,"skipped":0,"pct":0},"functions":{"total":1,"covered":0,"skipped":0,"pct":0},"statements":{"total":63,"covered":0,"skipped":0,"pct":0},"branches":{"total":1,"covered":0,"skipped":0,"pct":0}}
,"C:\\Users\\Daniël\\OptiPlatform-1\\src\\pages\\Analytics.tsx": {"lines":{"total":233,"covered":0,"skipped":0,"pct":0},"functions":{"total":1,"covered":0,"skipped":0,"pct":0},"statements":{"total":233,"covered":0,"skipped":0,"pct":0},"branches":{"total":1,"covered":0,"skipped":0,"pct":0}}
,"C:\\Users\\Daniël\\OptiPlatform-1\\src\\pages\\Dashboard.tsx": {"lines":{"total":657,"covered":0,"skipped":0,"pct":0},"functions":{"total":1,"covered":0,"skipped":0,"pct":0},"statements":{"total":657,"covered":0,"skipped":0,"pct":0},"branches":{"total":1,"covered":0,"skipped":0,"pct":0}}
,"C:\\Users\\Daniël\\OptiPlatform-1\\src\\pages\\Inventory.tsx": {"lines":{"total":1201,"covered":0,"skipped":0,"pct":0},"functions":{"total":1,"covered":0,"skipped":0,"pct":0},"statements":{"total":1201,"covered":0,"skipped":0,"pct":0},"branches":{"total":1,"covered":0,"skipped":0,"pct":0}}
,"C:\\Users\\Daniël\\OptiPlatform-1\\src\\pages\\Login.tsx": {"lines":{"total":196,"covered":0,"skipped":0,"pct":0},"functions":{"total":1,"covered":0,"skipped":0,"pct":0},"statements":{"total":196,"covered":0,"skipped":0,"pct":0},"branches":{"total":1,"covered":0,"skipped":0,"pct":0}}
,"C:\\Users\\Daniël\\OptiPlatform-1\\src\\pages\\Pricing.tsx": {"lines":{"total":593,"covered":0,"skipped":0,"pct":0},"functions":{"total":1,"covered":0,"skipped":0,"pct":0},"statements":{"total":593,"covered":0,"skipped":0,"pct":0},"branches":{"total":1,"covered":0,"skipped":0,"pct":0}}
,"C:\\Users\\Daniël\\OptiPlatform-1\\src\\pages\\PurchaseOrders.tsx": {"lines":{"total":526,"covered":0,"skipped":0,"pct":0},"functions":{"total":1,"covered":0,"skipped":0,"pct":0},"statements":{"total":526,"covered":0,"skipped":0,"pct":0},"branches":{"total":1,"covered":0,"skipped":0,"pct":0}}
,"C:\\Users\\Daniël\\OptiPlatform-1\\src\\pages\\Reports.tsx": {"lines":{"total":495,"covered":0,"skipped":0,"pct":0},"functions":{"total":1,"covered":0,"skipped":0,"pct":0},"statements":{"total":495,"covered":0,"skipped":0,"pct":0},"branches":{"total":1,"covered":0,"skipped":0,"pct":0}}
,"C:\\Users\\Daniël\\OptiPlatform-1\\src\\pages\\Suppliers.tsx": {"lines":{"total":317,"covered":0,"skipped":0,"pct":0},"functions":{"total":1,"covered":0,"skipped":0,"pct":0},"statements":{"total":317,"covered":0,"skipped":0,"pct":0},"branches":{"total":1,"covered":0,"skipped":0,"pct":0}}
,"C:\\Users\\Daniël\\OptiPlatform-1\\src\\pages\\Transactions.tsx": {"lines":{"total":625,"covered":0,"skipped":0,"pct":0},"functions":{"total":1,"covered":0,"skipped":0,"pct":0},"statements":{"total":625,"covered":0,"skipped":0,"pct":0},"branches":{"total":1,"covered":0,"skipped":0,"pct":0}}
,"C:\\Users\\Daniël\\OptiPlatform-1\\src\\pages\\UserManagement.tsx": {"lines":{"total":521,"covered":0,"skipped":0,"pct":0},"functions":{"total":1,"covered":0,"skipped":0,"pct":0},"statements":{"total":521,"covered":0,"skipped":0,"pct":0},"branches":{"total":1,"covered":0,"skipped":0,"pct":0}}
,"C:\\Users\\Daniël\\OptiPlatform-1\\src\\services\\analyticsService.ts": {"lines":{"total":33,"covered":33,"skipped":0,"pct":100},"functions":{"total":3,"covered":3,"skipped":0,"pct":100},"statements":{"total":33,"covered":33,"skipped":0,"pct":100},"branches":{"total":12,"covered":11,"skipped":0,"pct":91.66}}
,"C:\\Users\\Daniël\\OptiPlatform-1\\src\\services\\apiClient.ts": {"lines":{"total":2,"covered":0,"skipped":0,"pct":0},"functions":{"total":1,"covered":0,"skipped":0,"pct":0},"statements":{"total":2,"covered":0,"skipped":0,"pct":0},"branches":{"total":1,"covered":0,"skipped":0,"pct":0}}
,"C:\\Users\\Daniël\\OptiPlatform-1\\src\\services\\pricingService.ts": {"lines":{"total":43,"covered":43,"skipped":0,"pct":100},"functions":{"total":4,"covered":4,"skipped":0,"pct":100},"statements":{"total":43,"covered":43,"skipped":0,"pct":100},"branches":{"total":26,"covered":25,"skipped":0,"pct":96.15}}
,"C:\\Users\\Daniël\\OptiPlatform-1\\src\\services\\purchaseOrdersService.ts": {"lines":{"total":73,"covered":0,"skipped":0,"pct":0},"functions":{"total":1,"covered":0,"skipped":0,"pct":0},"statements":{"total":73,"covered":0,"skipped":0,"pct":0},"branches":{"total":1,"covered":0,"skipped":0,"pct":0}}
,"C:\\Users\\Daniël\\OptiPlatform-1\\src\\services\\reportsService.ts": {"lines":{"total":11,"covered":11,"skipped":0,"pct":100},"functions":{"total":1,"covered":1,"skipped":0,"pct":100},"statements":{"total":11,"covered":11,"skipped":0,"pct":100},"branches":{"total":6,"covered":6,"skipped":0,"pct":100}}
,"C:\\Users\\Daniël\\OptiPlatform-1\\src\\services\\suppliersService.ts": {"lines":{"total":169,"covered":0,"skipped":0,"pct":0},"functions":{"total":1,"covered":0,"skipped":0,"pct":0},"statements":{"total":169,"covered":0,"skipped":0,"pct":0},"branches":{"total":1,"covered":0,"skipped":0,"pct":0}}
,"C:\\Users\\Daniël\\OptiPlatform-1\\src\\services\\transactionsService.ts": {"lines":{"total":113,"covered":0,"skipped":0,"pct":0},"functions":{"total":1,"covered":0,"skipped":0,"pct":0},"statements":{"total":113,"covered":0,"skipped":0,"pct":0},"branches":{"total":1,"covered":0,"skipped":0,"pct":0}}
,"C:\\Users\\Daniël\\OptiPlatform-1\\src\\types\\user-management.ts": {"lines":{"total":8,"covered":8,"skipped":0,"pct":100},"functions":{"total":0,"covered":0,"skipped":0,"pct":100},"statements":{"total":8,"covered":8,"skipped":0,"pct":100},"branches":{"total":2,"covered":2,"skipped":0,"pct":100}}
,"C:\\Users\\Daniël\\OptiPlatform-1\\src\\utils\\advancedApi.ts": {"lines":{"total":14,"covered":0,"skipped":0,"pct":0},"functions":{"total":1,"covered":0,"skipped":0,"pct":0},"statements":{"total":14,"covered":0,"skipped":0,"pct":0},"branches":{"total":1,"covered":0,"skipped":0,"pct":0}}
,"C:\\Users\\Daniël\\OptiPlatform-1\\src\\utils\\authStore.ts": {"lines":{"total":61,"covered":35,"skipped":0,"pct":57.37},"functions":{"total":4,"covered":4,"skipped":0,"pct":100},"statements":{"total":61,"covered":35,"skipped":0,"pct":57.37},"branches":{"total":15,"covered":4,"skipped":0,"pct":26.66}}
,"C:\\Users\\Daniël\\OptiPlatform-1\\src\\utils\\errorCodes.ts": {"lines":{"total":19,"covered":19,"skipped":0,"pct":100},"functions":{"total":1,"covered":1,"skipped":0,"pct":100},"statements":{"total":19,"covered":19,"skipped":0,"pct":100},"branches":{"total":3,"covered":3,"skipped":0,"pct":100}}
,"C:\\Users\\Daniël\\OptiPlatform-1\\src\\utils\\firebaseClient.ts": {"lines":{"total":52,"covered":0,"skipped":0,"pct":0},"functions":{"total":1,"covered":0,"skipped":0,"pct":0},"statements":{"total":52,"covered":0,"skipped":0,"pct":0},"branches":{"total":1,"covered":0,"skipped":0,"pct":0}}
,"C:\\Users\\Daniël\\OptiPlatform-1\\src\\utils\\frontendLogger.ts": {"lines":{"total":137,"covered":78,"skipped":0,"pct":56.93},"functions":{"total":20,"covered":11,"skipped":0,"pct":55},"statements":{"total":137,"covered":78,"skipped":0,"pct":56.93},"branches":{"total":18,"covered":13,"skipped":0,"pct":72.22}}
,"C:\\Users\\Daniël\\OptiPlatform-1\\src\\utils\\inventoryApi.ts": {"lines":{"total":291,"covered":0,"skipped":0,"pct":0},"functions":{"total":1,"covered":0,"skipped":0,"pct":0},"statements":{"total":291,"covered":0,"skipped":0,"pct":0},"branches":{"total":1,"covered":0,"skipped":0,"pct":0}}
,"C:\\Users\\Daniël\\OptiPlatform-1\\src\\utils\\inventoryUtils.ts": {"lines":{"total":21,"covered":21,"skipped":0,"pct":100},"functions":{"total":3,"covered":3,"skipped":0,"pct":100},"statements":{"total":21,"covered":21,"skipped":0,"pct":100},"branches":{"total":9,"covered":9,"skipped":0,"pct":100}}
,"C:\\Users\\Daniël\\OptiPlatform-1\\src\\utils\\userManagementApi.ts": {"lines":{"total":331,"covered":0,"skipped":0,"pct":0},"functions":{"total":1,"covered":0,"skipped":0,"pct":0},"statements":{"total":331,"covered":0,"skipped":0,"pct":0},"branches":{"total":1,"covered":0,"skipped":0,"pct":0}}
}
